<?xml version="1.0" encoding="UTF-8"?>
<!-- Generated by org.testng.reporters.JUnitXMLReporter -->
<testsuite ignored="0" hostname="LAPTOP-PLNO5R2G" failures="0" tests="18" name="Rediff Hybrid Automation Test" time="134.953" errors="0" timestamp="2023-04-15T12:17:56 PDT">
  <testcase classname="com.qa.hybridrediff.testcases.Hybrid_LandingPageTest" name="validateCurrentUrlAndTitle" time="0.43"/>
  <testcase classname="com.qa.hybridrediff.testcases.Hybrid_LandingPageTest" name="signInButtonisDisplayedandEnabled" time="0.23"/>
  <testcase classname="com.qa.hybridrediff.testcases.Hybrid_LandingPageTest" name="rediffLogoPresence" time="0.067"/>
  <testcase classname="com.qa.hybridrediff.testcases.Hybrid_SignInLinkTest" name="clickOnSignInButton" time="3.369"/>
  <testcase classname="com.qa.hybridrediff.testcases.Hybrid_LoginTests" name="logInWithValidCredentials" time="5.56"/>
  <testcase classname="com.qa.hybridrediff.testcases.Hybrid_LoginTests" name="logInWithValidCredentials" time="3.417"/>
  <testcase classname="com.qa.hybridrediff.testcases.Hybrid_LoginTests" name="logInWithValidCredentials" time="5.272"/>
  <testcase classname="com.qa.hybridrediff.testcases.Hybrid_LoginTests" name="logInWithValidCredentials" time="5.577"/>
  <testcase classname="com.qa.hybridrediff.testcases.Hybrid_LoginTests" name="logInWithInValidCredentials" time="1.194"/>
  <testcase classname="com.qa.hybridrediff.testcases.Hybrid_LoginTests" name="logInWithValidEmailInvalidPassword" time="1.002"/>
  <testcase classname="com.qa.hybridrediff.testcases.Hybrid_LoginTests" name="logInWithInValidEmailValidPassword" time="0.982"/>
  <testcase classname="com.qa.hybridrediff.testcases.Hybrid_LoginTests" name="logInWithEmptyUsernameValidPassword" time="0.17"/>
  <testcase classname="com.qa.hybridrediff.testcases.Hybrid_LoginTests" name="logInWithValidUsernameEmptyPassword" time="0.185"/>
  <testcase classname="com.qa.hybridrediff.testcases.Hybrid_LoginTests" name="logInWithNoCredentials" time="0.082"/>
  <testcase classname="com.qa.hybridrediff.testcases.Hybrid_InboxPageTest" name="logInInboxButtonPresence" time="7.082"/>
  <testcase classname="com.qa.hybridrediff.testcases.Hybrid_LogoutTest" name="logInLogOutLogOutConfirmation" time="9.455"/>
  <testcase classname="com.qa.hybridrediff.testcases.Hybrid_RediffHomeTest" name="rediffHome" time="12.303"/>
  <testcase classname="com.qa.hybridrediff.testcases.Hybrid_LinkTest" name="rediffLinks" time="6.886"/>
</testsuite> <!-- Rediff Hybrid Automation Test -->
