<?xml version="1.0" encoding="UTF-8"?>
<testng-results skipped="0" failed="0" ignored="0" total="11" passed="11">
  <reporter-output>
  </reporter-output>
  <suite name="Rediff Hybrid Automation Suite" duration-ms="108108" started-at="2023-04-11T20:04:32Z" finished-at="2023-04-11T20:06:21Z">
    <groups>
    </groups>
    <test name="Rediff Hybrid Automation Test" duration-ms="108108" started-at="2023-04-11T20:04:32Z" finished-at="2023-04-11T20:06:21Z">
      <class name="com.qa.hybridrediff.testcases.Hybrid_LogoutTest">
        <test-method status="PASS" signature="logInLogOutLogOutConfirmation()[pri:1, instance:com.qa.hybridrediff.testcases.Hybrid_LogoutTest@8dbdac1]" name="logInLogOutLogOutConfirmation" duration-ms="11278" started-at="2023-04-11T20:05:37Z" finished-at="2023-04-11T20:05:48Z">
          <reporter-output>
          </reporter-output>
        </test-method> <!-- logInLogOutLogOutConfirmation -->
        <test-method status="PASS" signature="tearDown()[pri:0, instance:com.qa.hybridrediff.testcases.Hybrid_LogoutTest@8dbdac1]" name="tearDown" is-config="true" duration-ms="710" started-at="2023-04-11T20:05:48Z" finished-at="2023-04-11T20:05:49Z">
          <reporter-output>
          </reporter-output>
        </test-method> <!-- tearDown -->
      </class> <!-- com.qa.hybridrediff.testcases.Hybrid_LogoutTest -->
      <class name="com.qa.hybridrediff.testcases.Hybrid_SignInLinkTest">
        <test-method status="PASS" signature="clickOnSignInButton()[pri:1, instance:com.qa.hybridrediff.testcases.Hybrid_SignInLinkTest@5e0826e7]" name="clickOnSignInButton" duration-ms="2220" started-at="2023-04-11T20:04:45Z" finished-at="2023-04-11T20:04:47Z">
          <reporter-output>
          </reporter-output>
        </test-method> <!-- clickOnSignInButton -->
        <test-method status="PASS" signature="tearDown()[pri:0, instance:com.qa.hybridrediff.testcases.Hybrid_SignInLinkTest@5e0826e7]" name="tearDown" is-config="true" duration-ms="815" started-at="2023-04-11T20:04:47Z" finished-at="2023-04-11T20:04:48Z">
          <reporter-output>
          </reporter-output>
        </test-method> <!-- tearDown -->
      </class> <!-- com.qa.hybridrediff.testcases.Hybrid_SignInLinkTest -->
      <class name="com.qa.hybridrediff.testcases.Hybrid_LandingPageTest">
        <test-method status="PASS" signature="setUp()[pri:0, instance:com.qa.hybridrediff.testcases.Hybrid_LandingPageTest@6e20b53a]" name="setUp" is-config="true" duration-ms="3603" started-at="2023-04-11T20:04:40Z" finished-at="2023-04-11T20:04:44Z">
          <reporter-output>
          </reporter-output>
        </test-method> <!-- setUp -->
        <test-method status="PASS" signature="validateCurrentUrlAndTitle()[pri:1, instance:com.qa.hybridrediff.testcases.Hybrid_LandingPageTest@6e20b53a]" name="validateCurrentUrlAndTitle" duration-ms="138" started-at="2023-04-11T20:04:44Z" finished-at="2023-04-11T20:04:44Z">
          <reporter-output>
          </reporter-output>
        </test-method> <!-- validateCurrentUrlAndTitle -->
        <test-method status="PASS" signature="tearDown()[pri:0, instance:com.qa.hybridrediff.testcases.Hybrid_LandingPageTest@6e20b53a]" name="tearDown" is-config="true" duration-ms="1089" started-at="2023-04-11T20:04:44Z" finished-at="2023-04-11T20:04:45Z">
          <reporter-output>
          </reporter-output>
        </test-method> <!-- tearDown -->
        <test-method status="PASS" signature="setUp()[pri:0, instance:com.qa.hybridrediff.testcases.Hybrid_LandingPageTest@6e20b53a]" name="setUp" is-config="true" duration-ms="1670" started-at="2023-04-11T20:06:18Z" finished-at="2023-04-11T20:06:20Z">
          <reporter-output>
          </reporter-output>
        </test-method> <!-- setUp -->
        <test-method status="PASS" signature="signInButtonisDisplayedandEnabled()[pri:2, instance:com.qa.hybridrediff.testcases.Hybrid_LandingPageTest@6e20b53a]" name="signInButtonisDisplayedandEnabled" duration-ms="98" started-at="2023-04-11T20:06:20Z" finished-at="2023-04-11T20:06:20Z">
          <reporter-output>
          </reporter-output>
        </test-method> <!-- signInButtonisDisplayedandEnabled -->
        <test-method status="PASS" signature="tearDown()[pri:0, instance:com.qa.hybridrediff.testcases.Hybrid_LandingPageTest@6e20b53a]" name="tearDown" is-config="true" duration-ms="773" started-at="2023-04-11T20:06:20Z" finished-at="2023-04-11T20:06:21Z">
          <reporter-output>
          </reporter-output>
        </test-method> <!-- tearDown -->
      </class> <!-- com.qa.hybridrediff.testcases.Hybrid_LandingPageTest -->
      <class name="com.qa.hybridrediff.testcases.Hybrid_LoginTests">
        <test-method status="PASS" signature="setUp()[pri:0, instance:com.qa.hybridrediff.testcases.Hybrid_LoginTests@71809907]" name="setUp" is-config="true" duration-ms="4682" started-at="2023-04-11T20:04:49Z" finished-at="2023-04-11T20:04:54Z">
          <reporter-output>
          </reporter-output>
        </test-method> <!-- setUp -->
        <test-method status="PASS" signature="logInWithValidCredentials(java.lang.String, java.lang.String)[pri:1, instance:com.qa.hybridrediff.testcases.Hybrid_LoginTests@71809907]" name="logInWithValidCredentials" duration-ms="5549" started-at="2023-04-11T20:04:54Z" data-provider="rediffExcellDataWithDataProvider" finished-at="2023-04-11T20:04:59Z">
          <params>
            <param index="0">
              <value>
                <![CDATA[chowdhurygs@rediffmail.com]]>
              </value>
            </param>
            <param index="1">
              <value>
                <![CDATA[Shajlee1@]]>
              </value>
            </param>
          </params>
          <reporter-output>
          </reporter-output>
        </test-method> <!-- logInWithValidCredentials -->
        <test-method status="PASS" signature="tearDown()[pri:0, instance:com.qa.hybridrediff.testcases.Hybrid_LoginTests@71809907]" name="tearDown" is-config="true" duration-ms="737" started-at="2023-04-11T20:04:59Z" finished-at="2023-04-11T20:05:00Z">
          <reporter-output>
          </reporter-output>
        </test-method> <!-- tearDown -->
        <test-method status="PASS" signature="setUp()[pri:0, instance:com.qa.hybridrediff.testcases.Hybrid_LoginTests@71809907]" name="setUp" is-config="true" duration-ms="4602" started-at="2023-04-11T20:05:00Z" finished-at="2023-04-11T20:05:05Z">
          <reporter-output>
          </reporter-output>
        </test-method> <!-- setUp -->
        <test-method status="PASS" signature="logInWithValidCredentials(java.lang.String, java.lang.String)[pri:1, instance:com.qa.hybridrediff.testcases.Hybrid_LoginTests@71809907]" name="logInWithValidCredentials" duration-ms="3928" started-at="2023-04-11T20:05:05Z" data-provider="rediffExcellDataWithDataProvider" finished-at="2023-04-11T20:05:09Z">
          <params>
            <param index="0">
              <value>
                <![CDATA[seleniumpanda@rediffmail.com]]>
              </value>
            </param>
            <param index="1">
              <value>
                <![CDATA[Selenium@123]]>
              </value>
            </param>
          </params>
          <reporter-output>
          </reporter-output>
        </test-method> <!-- logInWithValidCredentials -->
        <test-method status="PASS" signature="tearDown()[pri:0, instance:com.qa.hybridrediff.testcases.Hybrid_LoginTests@71809907]" name="tearDown" is-config="true" duration-ms="678" started-at="2023-04-11T20:05:09Z" finished-at="2023-04-11T20:05:09Z">
          <reporter-output>
          </reporter-output>
        </test-method> <!-- tearDown -->
        <test-method status="PASS" signature="setUp()[pri:0, instance:com.qa.hybridrediff.testcases.Hybrid_LoginTests@71809907]" name="setUp" is-config="true" duration-ms="3191" started-at="2023-04-11T20:05:09Z" finished-at="2023-04-11T20:05:13Z">
          <reporter-output>
          </reporter-output>
        </test-method> <!-- setUp -->
        <test-method status="PASS" signature="logInWithValidCredentials(java.lang.String, java.lang.String)[pri:1, instance:com.qa.hybridrediff.testcases.Hybrid_LoginTests@71809907]" name="logInWithValidCredentials" duration-ms="6169" started-at="2023-04-11T20:05:13Z" data-provider="rediffExcellDataWithDataProvider" finished-at="2023-04-11T20:05:19Z">
          <params>
            <param index="0">
              <value>
                <![CDATA[sarthakkumarpanda@rediffmail.com]]>
              </value>
            </param>
            <param index="1">
              <value>
                <![CDATA[Selenium@123]]>
              </value>
            </param>
          </params>
          <reporter-output>
          </reporter-output>
        </test-method> <!-- logInWithValidCredentials -->
        <test-method status="PASS" signature="tearDown()[pri:0, instance:com.qa.hybridrediff.testcases.Hybrid_LoginTests@71809907]" name="tearDown" is-config="true" duration-ms="675" started-at="2023-04-11T20:05:19Z" finished-at="2023-04-11T20:05:19Z">
          <reporter-output>
          </reporter-output>
        </test-method> <!-- tearDown -->
        <test-method status="PASS" signature="setUp()[pri:0, instance:com.qa.hybridrediff.testcases.Hybrid_LoginTests@71809907]" name="setUp" is-config="true" duration-ms="3519" started-at="2023-04-11T20:05:19Z" finished-at="2023-04-11T20:05:23Z">
          <reporter-output>
          </reporter-output>
        </test-method> <!-- setUp -->
        <test-method status="PASS" signature="logInWithValidCredentials(java.lang.String, java.lang.String)[pri:1, instance:com.qa.hybridrediff.testcases.Hybrid_LoginTests@71809907]" name="logInWithValidCredentials" duration-ms="5378" started-at="2023-04-11T20:05:23Z" data-provider="rediffExcellDataWithDataProvider" finished-at="2023-04-11T20:05:28Z">
          <params>
            <param index="0">
              <value>
                <![CDATA[Mohamedboudguig@rediffmail.com]]>
              </value>
            </param>
            <param index="1">
              <value>
                <![CDATA[Medbdg0707@]]>
              </value>
            </param>
          </params>
          <reporter-output>
          </reporter-output>
        </test-method> <!-- logInWithValidCredentials -->
        <test-method status="PASS" signature="tearDown()[pri:0, instance:com.qa.hybridrediff.testcases.Hybrid_LoginTests@71809907]" name="tearDown" is-config="true" duration-ms="686" started-at="2023-04-11T20:05:28Z" finished-at="2023-04-11T20:05:29Z">
          <reporter-output>
          </reporter-output>
        </test-method> <!-- tearDown -->
      </class> <!-- com.qa.hybridrediff.testcases.Hybrid_LoginTests -->
      <class name="com.qa.hybridrediff.testcases.Hybrid_InboxPageTest">
        <test-method status="PASS" signature="setUp()[pri:0, instance:com.qa.hybridrediff.testcases.Hybrid_InboxPageTest@32eff876]" name="setUp" is-config="true" duration-ms="2765" started-at="2023-04-11T20:04:32Z" finished-at="2023-04-11T20:04:35Z">
          <reporter-output>
          </reporter-output>
        </test-method> <!-- setUp -->
        <test-method status="PASS" signature="setUp()[pri:0, instance:com.qa.hybridrediff.testcases.Hybrid_LogoutTest@8dbdac1]" name="setUp" is-config="true" duration-ms="2015" started-at="2023-04-11T20:04:35Z" finished-at="2023-04-11T20:04:37Z">
          <reporter-output>
          </reporter-output>
        </test-method> <!-- setUp -->
        <test-method status="PASS" signature="setUp()[pri:0, instance:com.qa.hybridrediff.testcases.Hybrid_SignInLinkTest@5e0826e7]" name="setUp" is-config="true" duration-ms="3018" started-at="2023-04-11T20:04:37Z" finished-at="2023-04-11T20:04:40Z">
          <reporter-output>
          </reporter-output>
        </test-method> <!-- setUp -->
        <test-method status="PASS" signature="logInInboxButtonPresence()[pri:1, instance:com.qa.hybridrediff.testcases.Hybrid_InboxPageTest@32eff876]" name="logInInboxButtonPresence" duration-ms="7318" started-at="2023-04-11T20:05:29Z" finished-at="2023-04-11T20:05:36Z">
          <reporter-output>
          </reporter-output>
        </test-method> <!-- logInInboxButtonPresence -->
        <test-method status="PASS" signature="tearDown()[pri:0, instance:com.qa.hybridrediff.testcases.Hybrid_InboxPageTest@32eff876]" name="tearDown" is-config="true" duration-ms="750" started-at="2023-04-11T20:05:36Z" finished-at="2023-04-11T20:05:37Z">
          <reporter-output>
          </reporter-output>
        </test-method> <!-- tearDown -->
      </class> <!-- com.qa.hybridrediff.testcases.Hybrid_InboxPageTest -->
      <class name="com.qa.hybridrediff.testcases.Hybrid_RediffHomeTest">
        <test-method status="PASS" signature="setUp()[pri:0, instance:com.qa.hybridrediff.testcases.Hybrid_RediffHomeTest@3ce1e309]" name="setUp" is-config="true" duration-ms="2247" started-at="2023-04-11T20:05:49Z" finished-at="2023-04-11T20:05:51Z">
          <reporter-output>
          </reporter-output>
        </test-method> <!-- setUp -->
        <test-method status="PASS" signature="rediffHome()[pri:1, instance:com.qa.hybridrediff.testcases.Hybrid_RediffHomeTest@3ce1e309]" name="rediffHome" duration-ms="12240" started-at="2023-04-11T20:05:51Z" finished-at="2023-04-11T20:06:03Z">
          <reporter-output>
          </reporter-output>
        </test-method> <!-- rediffHome -->
        <test-method status="PASS" signature="tearDown()[pri:0, instance:com.qa.hybridrediff.testcases.Hybrid_RediffHomeTest@3ce1e309]" name="tearDown" is-config="true" duration-ms="724" started-at="2023-04-11T20:06:03Z" finished-at="2023-04-11T20:06:04Z">
          <reporter-output>
          </reporter-output>
        </test-method> <!-- tearDown -->
      </class> <!-- com.qa.hybridrediff.testcases.Hybrid_RediffHomeTest -->
      <class name="com.qa.hybridrediff.testcases.Hybrid_LinkTest">
        <test-method status="PASS" signature="setUp()[pri:0, instance:com.qa.hybridrediff.testcases.Hybrid_LinkTest@6aba2b86]" name="setUp" is-config="true" duration-ms="1635" started-at="2023-04-11T20:06:04Z" finished-at="2023-04-11T20:06:06Z">
          <reporter-output>
          </reporter-output>
        </test-method> <!-- setUp -->
        <test-method status="PASS" signature="rediffLinks()[pri:1, instance:com.qa.hybridrediff.testcases.Hybrid_LinkTest@6aba2b86]" name="rediffLinks" duration-ms="11491" started-at="2023-04-11T20:06:06Z" finished-at="2023-04-11T20:06:17Z">
          <reporter-output>
          </reporter-output>
        </test-method> <!-- rediffLinks -->
        <test-method status="PASS" signature="tearDown()[pri:0, instance:com.qa.hybridrediff.testcases.Hybrid_LinkTest@6aba2b86]" name="tearDown" is-config="true" duration-ms="685" started-at="2023-04-11T20:06:17Z" finished-at="2023-04-11T20:06:18Z">
          <reporter-output>
          </reporter-output>
        </test-method> <!-- tearDown -->
      </class> <!-- com.qa.hybridrediff.testcases.Hybrid_LinkTest -->
    </test> <!-- Rediff Hybrid Automation Test -->
  </suite> <!-- Rediff Hybrid Automation Suite -->
</testng-results>
