<?xml version="1.0" encoding="UTF-8"?>
<testsuite xmlns:xsi="http://www.w3.org/2001/XMLSchema-instance" xsi:noNamespaceSchemaLocation="https://maven.apache.org/surefire/maven-surefire-plugin/xsd/surefire-test-report-3.0.xsd" version="3.0" name="TestSuite" time="109.453" tests="11" errors="0" skipped="0" failures="0">
  <properties>
[...]
</properties>
  <testcase name="validateCurrentUrlAndTitle" classname="com.qa.hybridrediff.testcases.Hybrid_LandingPageTest" time="0.087">
    <system-out><![CDATA[[TestNGContentHandler] [WARN] It is strongly recommended to add "<!DOCTYPE suite SYSTEM "http://testng.org/testng-1.0.dtd" >" at the top of your file, otherwise TestNG may fail or not work as expected.
[DEBUG] Using SLF4J as the default logging framework
[DEBUG] -Dio.netty.leakDetection.level: simple
[DEBUG] -Dio.netty.leakDetection.targetRecords: 4
[DEBUG] Loaded default ResourceLeakDetector: io.netty.util.ResourceLeakDetector@478db956
[DEBUG] -Dio.netty.noUnsafe: false
[DEBUG] Java version: 8
[DEBUG] sun.misc.Unsafe.theUnsafe: available
[DEBUG] sun.misc.Unsafe.copyMemory: available
[DEBUG] sun.misc.Unsafe.storeFence: available
[DEBUG] java.nio.Buffer.address: available
[DEBUG] direct buffer constructor: available
[DEBUG] java.nio.Bits.unaligned: available, true
[DEBUG] jdk.internal.misc.Unsafe.allocateUninitializedArray(int): unavailable prior to Java9
[DEBUG] java.nio.DirectByteBuffer.<init>(long, int): available
[DEBUG] sun.misc.Unsafe: available
[DEBUG] -Dio.netty.tmpdir: C:\Users\chowd\AppData\Local\Temp (java.io.tmpdir)
[DEBUG] -Dio.netty.bitMode: 64 (sun.arch.data.model)
[DEBUG] Platform: Windows
[DEBUG] -Dio.netty.maxDirectMemory: 2803892224 bytes
[DEBUG] -Dio.netty.uninitializedArrayAllocationThreshold: -1
[DEBUG] java.nio.ByteBuffer.cleaner(): available
[DEBUG] -Dio.netty.noPreferDirect: false
[DEBUG] org.jctools-core.MpscChunkedArrayQueue: available
[DEBUG] -Dio.netty.threadLocalMap.stringBuilder.initialSize: 1024
[DEBUG] -Dio.netty.threadLocalMap.stringBuilder.maxSize: 4096
[DEBUG] Default protocols (JDK): [TLSv1.2] 
[DEBUG] Default cipher suites (JDK): [TLS_ECDHE_ECDSA_WITH_AES_256_GCM_SHA384, TLS_ECDHE_ECDSA_WITH_AES_128_GCM_SHA256, TLS_ECDHE_RSA_WITH_AES_128_GCM_SHA256, TLS_ECDHE_RSA_WITH_AES_256_GCM_SHA384, TLS_ECDHE_RSA_WITH_AES_128_CBC_SHA, TLS_ECDHE_RSA_WITH_AES_256_CBC_SHA, TLS_RSA_WITH_AES_128_GCM_SHA256, TLS_RSA_WITH_AES_128_CBC_SHA, TLS_RSA_WITH_AES_256_CBC_SHA, TLS_AES_128_GCM_SHA256, TLS_AES_256_GCM_SHA384]
[DEBUG] -Dio.netty.globalEventExecutor.quietPeriodSeconds: 1
[DEBUG] -Dio.netty.eventLoopThreads: 16
[DEBUG] -Dio.netty.noKeySetOptimization: false
[DEBUG] -Dio.netty.selectorAutoRebuildThreshold: 512
[DEBUG] -Dio.netty.allocator.numHeapArenas: 16
[DEBUG] -Dio.netty.allocator.numDirectArenas: 16
[DEBUG] -Dio.netty.allocator.pageSize: 8192
[DEBUG] -Dio.netty.allocator.maxOrder: 9
[DEBUG] -Dio.netty.allocator.chunkSize: 4194304
[DEBUG] -Dio.netty.allocator.smallCacheSize: 256
[DEBUG] -Dio.netty.allocator.normalCacheSize: 64
[DEBUG] -Dio.netty.allocator.maxCachedBufferCapacity: 32768
[DEBUG] -Dio.netty.allocator.cacheTrimInterval: 8192
[DEBUG] -Dio.netty.allocator.cacheTrimIntervalMillis: 0
[DEBUG] -Dio.netty.allocator.useCacheForAllThreads: false
[DEBUG] -Dio.netty.allocator.maxCachedByteBuffersPerChunk: 1023
[DEBUG] -Dio.netty.allocator.type: pooled
[DEBUG] -Dio.netty.threadLocalDirectBufferSize: 0
[DEBUG] -Dio.netty.maxThreadLocalCharBufferSize: 16384
[DEBUG] -Dio.netty.processId: 4676 (auto-detected)
[DEBUG] -Djava.net.preferIPv4Stack: false
[DEBUG] -Djava.net.preferIPv6Addresses: false
[DEBUG] Loopback interface: lo (Software Loopback Interface 1, 127.0.0.1)
[DEBUG] Failed to get SOMAXCONN from sysctl and file \proc\sys\net\core\somaxconn. Default: 200
[DEBUG] -Dio.netty.machineId: 34:6f:24:ff:fe:1f:1c:1f (auto-detected)
[DEBUG] -Dio.netty.buffer.checkAccessible: true
[DEBUG] -Dio.netty.buffer.checkBounds: true
[DEBUG] Loaded default ResourceLeakDetector: io.netty.util.ResourceLeakDetector@3857195a
[DEBUG] Using new Channel '[id: 0xd307ac07, L:/127.0.0.1:62514 - R:localhost/127.0.0.1:3515]' for 'POST' to '/session'
[DEBUG] -Dio.netty.recycler.maxCapacityPerThread: 4096
[DEBUG] -Dio.netty.recycler.ratio: 8
[DEBUG] -Dio.netty.recycler.chunkSize: 32
[DEBUG] -Dio.netty.recycler.blocking: false
[DEBUG] -Dio.netty.recycler.batchFastThreadLocalOnly: true
[DEBUG] brotli4j not in the classpath; Brotli support will be unavailable.
[DEBUG] 

Request DefaultHttpRequest(decodeResult: success, version: HTTP/1.1)
POST /session HTTP/1.1
User-Agent: selenium/4.8.2 (java windows)
Content-Length: 621
Content-Type: application/json; charset=utf-8
host: localhost:3515
accept: */*

Response DefaultHttpResponse(decodeResult: success, version: HTTP/1.1)
HTTP/1.1 200 OK
Content-Length: 857
Content-Type: application/json; charset=utf-8
cache-control: no-cache

[DEBUG] Adding key: http://localhost:3515 for channel [id: 0xd307ac07, L:/127.0.0.1:62514 - R:localhost/127.0.0.1:3515]
[DEBUG] Using new Channel '[id: 0x5fe37b76, L:/127.0.0.1:62520 - R:localhost/127.0.0.1:62515]' for 'GET' to '/json/version'
[DEBUG] 

Request DefaultFullHttpRequest(decodeResult: success, version: HTTP/1.1, content: EmptyByteBufBE)
GET /json/version HTTP/1.1
User-Agent: selenium/4.8.2 (java windows)
host: localhost:62515
accept: */*

Response DefaultHttpResponse(decodeResult: success, version: HTTP/1.1)
HTTP/1.1 200 OK
Content-Security-Policy: frame-ancestors 'none'
Content-Length: 422
Content-Type: application/json; charset=UTF-8

[DEBUG] Adding key: http://localhost:62515 for channel [id: 0x5fe37b76, L:/127.0.0.1:62520 - R:localhost/127.0.0.1:62515]
[DEBUG] -Dio.netty.initialSeedUniquifier: 0x346f4b5841d3fb34
[DEBUG] Using new Channel '[id: 0x9ff4b897, L:/127.0.0.1:62521 - R:localhost/127.0.0.1:62515]' for 'GET' to '/devtools/browser/7d577f14-bb19-4a4f-9964-f616331dc337'
[DEBUG] 

Request DefaultFullHttpRequest(decodeResult: success, version: HTTP/1.1, content: EmptyByteBufBE)
GET /devtools/browser/7d577f14-bb19-4a4f-9964-f616331dc337 HTTP/1.1
upgrade: websocket
connection: upgrade
sec-websocket-key: unTPJ2VIesjGF4wgzD9DvQ==
sec-websocket-version: 13
origin: http://localhost:62515
host: localhost:62515
accept: */*
user-agent: AHC/2.1

Response DefaultHttpResponse(decodeResult: success, version: HTTP/1.1)
HTTP/1.1 101 WebSocket Protocol Handshake
Upgrade: WebSocket
Connection: Upgrade
Sec-WebSocket-Accept: Ev+MmiCKDOK+VEBvaNylYcn6XqM=

[DEBUG] Using pooled Channel '[id: 0xd307ac07, L:/127.0.0.1:62514 - R:localhost/127.0.0.1:3515]' for 'POST' to 'http://localhost:3515/session/fba6900d3fa06b6a02bcbb4ba200d60f/url'
[DEBUG] Using open Channel [id: 0xd307ac07, L:/127.0.0.1:62514 - R:localhost/127.0.0.1:3515] for POST '/session/fba6900d3fa06b6a02bcbb4ba200d60f/url'
[DEBUG] 

Request DefaultHttpRequest(decodeResult: success, version: HTTP/1.1)
POST /session/fba6900d3fa06b6a02bcbb4ba200d60f/url HTTP/1.1
User-Agent: selenium/4.8.2 (java windows)
Content-Length: 53
Content-Type: application/json; charset=utf-8
host: localhost:3515
accept: */*

Response DefaultHttpResponse(decodeResult: success, version: HTTP/1.1)
HTTP/1.1 200 OK
Content-Length: 14
Content-Type: application/json; charset=utf-8
cache-control: no-cache

[DEBUG] Adding key: http://localhost:3515 for channel [id: 0xd307ac07, L:/127.0.0.1:62514 - R:localhost/127.0.0.1:3515]
[DEBUG] Using pooled Channel '[id: 0xd307ac07, L:/127.0.0.1:62514 - R:localhost/127.0.0.1:3515]' for 'POST' to 'http://localhost:3515/session/fba6900d3fa06b6a02bcbb4ba200d60f/window/maximize'
[DEBUG] Using open Channel [id: 0xd307ac07, L:/127.0.0.1:62514 - R:localhost/127.0.0.1:3515] for POST '/session/fba6900d3fa06b6a02bcbb4ba200d60f/window/maximize'
[DEBUG] 

Request DefaultHttpRequest(decodeResult: success, version: HTTP/1.1)
POST /session/fba6900d3fa06b6a02bcbb4ba200d60f/window/maximize HTTP/1.1
User-Agent: selenium/4.8.2 (java windows)
Content-Length: 3
Content-Type: application/json; charset=utf-8
host: localhost:3515
accept: */*

Response DefaultHttpResponse(decodeResult: success, version: HTTP/1.1)
HTTP/1.1 200 OK
Content-Length: 51
Content-Type: application/json; charset=utf-8
cache-control: no-cache

[DEBUG] Adding key: http://localhost:3515 for channel [id: 0xd307ac07, L:/127.0.0.1:62514 - R:localhost/127.0.0.1:3515]
[DEBUG] Using pooled Channel '[id: 0xd307ac07, L:/127.0.0.1:62514 - R:localhost/127.0.0.1:3515]' for 'DELETE' to 'http://localhost:3515/session/fba6900d3fa06b6a02bcbb4ba200d60f/cookie'
[DEBUG] Using open Channel [id: 0xd307ac07, L:/127.0.0.1:62514 - R:localhost/127.0.0.1:3515] for DELETE '/session/fba6900d3fa06b6a02bcbb4ba200d60f/cookie'
[DEBUG] 

Request DefaultFullHttpRequest(decodeResult: success, version: HTTP/1.1, content: EmptyByteBufBE)
DELETE /session/fba6900d3fa06b6a02bcbb4ba200d60f/cookie HTTP/1.1
User-Agent: selenium/4.8.2 (java windows)
Content-Type: application/json; charset=utf-8
host: localhost:3515
accept: */*

Response DefaultHttpResponse(decodeResult: success, version: HTTP/1.1)
HTTP/1.1 200 OK
Content-Length: 14
Content-Type: application/json; charset=utf-8
cache-control: no-cache

[DEBUG] Adding key: http://localhost:3515 for channel [id: 0xd307ac07, L:/127.0.0.1:62514 - R:localhost/127.0.0.1:3515]
[DEBUG] Using pooled Channel '[id: 0xd307ac07, L:/127.0.0.1:62514 - R:localhost/127.0.0.1:3515]' for 'POST' to 'http://localhost:3515/session/fba6900d3fa06b6a02bcbb4ba200d60f/timeouts'
[DEBUG] Using open Channel [id: 0xd307ac07, L:/127.0.0.1:62514 - R:localhost/127.0.0.1:3515] for POST '/session/fba6900d3fa06b6a02bcbb4ba200d60f/timeouts'
[DEBUG] 

Request DefaultHttpRequest(decodeResult: success, version: HTTP/1.1)
POST /session/fba6900d3fa06b6a02bcbb4ba200d60f/timeouts HTTP/1.1
User-Agent: selenium/4.8.2 (java windows)
Content-Length: 23
Content-Type: application/json; charset=utf-8
host: localhost:3515
accept: */*

Response DefaultHttpResponse(decodeResult: success, version: HTTP/1.1)
HTTP/1.1 200 OK
Content-Length: 14
Content-Type: application/json; charset=utf-8
cache-control: no-cache

[DEBUG] Adding key: http://localhost:3515 for channel [id: 0xd307ac07, L:/127.0.0.1:62514 - R:localhost/127.0.0.1:3515]
[DEBUG] Using pooled Channel '[id: 0xd307ac07, L:/127.0.0.1:62514 - R:localhost/127.0.0.1:3515]' for 'POST' to 'http://localhost:3515/session/fba6900d3fa06b6a02bcbb4ba200d60f/timeouts'
[DEBUG] Using open Channel [id: 0xd307ac07, L:/127.0.0.1:62514 - R:localhost/127.0.0.1:3515] for POST '/session/fba6900d3fa06b6a02bcbb4ba200d60f/timeouts'
[DEBUG] 

Request DefaultHttpRequest(decodeResult: success, version: HTTP/1.1)
POST /session/fba6900d3fa06b6a02bcbb4ba200d60f/timeouts HTTP/1.1
User-Agent: selenium/4.8.2 (java windows)
Content-Length: 23
Content-Type: application/json; charset=utf-8
host: localhost:3515
accept: */*

Response DefaultHttpResponse(decodeResult: success, version: HTTP/1.1)
HTTP/1.1 200 OK
Content-Length: 14
Content-Type: application/json; charset=utf-8
cache-control: no-cache

[DEBUG] Adding key: http://localhost:3515 for channel [id: 0xd307ac07, L:/127.0.0.1:62514 - R:localhost/127.0.0.1:3515]
[DEBUG] Using pooled Channel '[id: 0xd307ac07, L:/127.0.0.1:62514 - R:localhost/127.0.0.1:3515]' for 'POST' to 'http://localhost:3515/session/fba6900d3fa06b6a02bcbb4ba200d60f/timeouts'
[DEBUG] Using open Channel [id: 0xd307ac07, L:/127.0.0.1:62514 - R:localhost/127.0.0.1:3515] for POST '/session/fba6900d3fa06b6a02bcbb4ba200d60f/timeouts'
[DEBUG] 

Request DefaultHttpRequest(decodeResult: success, version: HTTP/1.1)
POST /session/fba6900d3fa06b6a02bcbb4ba200d60f/timeouts HTTP/1.1
User-Agent: selenium/4.8.2 (java windows)
Content-Length: 21
Content-Type: application/json; charset=utf-8
host: localhost:3515
accept: */*

Response DefaultHttpResponse(decodeResult: success, version: HTTP/1.1)
HTTP/1.1 200 OK
Content-Length: 14
Content-Type: application/json; charset=utf-8
cache-control: no-cache

[DEBUG] Adding key: http://localhost:3515 for channel [id: 0xd307ac07, L:/127.0.0.1:62514 - R:localhost/127.0.0.1:3515]
[DEBUG] Entry count for : http://localhost:3515 : 1
[DEBUG] Entry count for : http://localhost:62515 : 1
[DEBUG] Using new Channel '[id: 0x3ab6cdce, L:/127.0.0.1:62558 - R:localhost/127.0.0.1:30683]' for 'POST' to '/session'
[DEBUG] Entry count for : http://localhost:3515 : 1
[DEBUG] Entry count for : http://localhost:62515 : 1
[DEBUG] 

Request DefaultHttpRequest(decodeResult: success, version: HTTP/1.1)
POST /session HTTP/1.1
User-Agent: selenium/4.8.2 (java windows)
Content-Length: 621
Content-Type: application/json; charset=utf-8
host: localhost:30683
accept: */*

Response DefaultHttpResponse(decodeResult: success, version: HTTP/1.1)
HTTP/1.1 200 OK
Content-Length: 857
Content-Type: application/json; charset=utf-8
cache-control: no-cache

[DEBUG] Adding key: http://localhost:30683 for channel [id: 0x3ab6cdce, L:/127.0.0.1:62558 - R:localhost/127.0.0.1:30683]
[DEBUG] Using new Channel '[id: 0xcb56a432, L:/127.0.0.1:62565 - R:localhost/127.0.0.1:62560]' for 'GET' to '/json/version'
[DEBUG] 

Request DefaultFullHttpRequest(decodeResult: success, version: HTTP/1.1, content: EmptyByteBufBE)
GET /json/version HTTP/1.1
User-Agent: selenium/4.8.2 (java windows)
host: localhost:62560
accept: */*

Response DefaultHttpResponse(decodeResult: success, version: HTTP/1.1)
HTTP/1.1 200 OK
Content-Security-Policy: frame-ancestors 'none'
Content-Length: 422
Content-Type: application/json; charset=UTF-8

[DEBUG] Adding key: http://localhost:62560 for channel [id: 0xcb56a432, L:/127.0.0.1:62565 - R:localhost/127.0.0.1:62560]
[DEBUG] Using new Channel '[id: 0x2a77776c, L:/127.0.0.1:62566 - R:localhost/127.0.0.1:62560]' for 'GET' to '/devtools/browser/99e9ac7d-58c1-465b-8cff-32b8e8949689'
[DEBUG] 

Request DefaultFullHttpRequest(decodeResult: success, version: HTTP/1.1, content: EmptyByteBufBE)
GET /devtools/browser/99e9ac7d-58c1-465b-8cff-32b8e8949689 HTTP/1.1
upgrade: websocket
connection: upgrade
sec-websocket-key: 0A5LbrcUSgGJOh7bqR4lIg==
sec-websocket-version: 13
origin: http://localhost:62560
host: localhost:62560
accept: */*
user-agent: AHC/2.1

Response DefaultHttpResponse(decodeResult: success, version: HTTP/1.1)
HTTP/1.1 101 WebSocket Protocol Handshake
Upgrade: WebSocket
Connection: Upgrade
Sec-WebSocket-Accept: WZiQBruvGZr35Sn5ZcLaQUkAqJI=

[DEBUG] Using pooled Channel '[id: 0x3ab6cdce, L:/127.0.0.1:62558 - R:localhost/127.0.0.1:30683]' for 'POST' to 'http://localhost:30683/session/a57d0ed98e109b26bbc34d7ba39da74d/url'
[DEBUG] Using open Channel [id: 0x3ab6cdce, L:/127.0.0.1:62558 - R:localhost/127.0.0.1:30683] for POST '/session/a57d0ed98e109b26bbc34d7ba39da74d/url'
[DEBUG] 

Request DefaultHttpRequest(decodeResult: success, version: HTTP/1.1)
POST /session/a57d0ed98e109b26bbc34d7ba39da74d/url HTTP/1.1
User-Agent: selenium/4.8.2 (java windows)
Content-Length: 53
Content-Type: application/json; charset=utf-8
host: localhost:30683
accept: */*

Response DefaultHttpResponse(decodeResult: success, version: HTTP/1.1)
HTTP/1.1 200 OK
Content-Length: 14
Content-Type: application/json; charset=utf-8
cache-control: no-cache

[DEBUG] Adding key: http://localhost:30683 for channel [id: 0x3ab6cdce, L:/127.0.0.1:62558 - R:localhost/127.0.0.1:30683]
[DEBUG] Using pooled Channel '[id: 0x3ab6cdce, L:/127.0.0.1:62558 - R:localhost/127.0.0.1:30683]' for 'POST' to 'http://localhost:30683/session/a57d0ed98e109b26bbc34d7ba39da74d/window/maximize'
[DEBUG] Using open Channel [id: 0x3ab6cdce, L:/127.0.0.1:62558 - R:localhost/127.0.0.1:30683] for POST '/session/a57d0ed98e109b26bbc34d7ba39da74d/window/maximize'
[DEBUG] 

Request DefaultHttpRequest(decodeResult: success, version: HTTP/1.1)
POST /session/a57d0ed98e109b26bbc34d7ba39da74d/window/maximize HTTP/1.1
User-Agent: selenium/4.8.2 (java windows)
Content-Length: 3
Content-Type: application/json; charset=utf-8
host: localhost:30683
accept: */*

Response DefaultHttpResponse(decodeResult: success, version: HTTP/1.1)
HTTP/1.1 200 OK
Content-Length: 51
Content-Type: application/json; charset=utf-8
cache-control: no-cache

[DEBUG] Adding key: http://localhost:30683 for channel [id: 0x3ab6cdce, L:/127.0.0.1:62558 - R:localhost/127.0.0.1:30683]
[DEBUG] Using pooled Channel '[id: 0x3ab6cdce, L:/127.0.0.1:62558 - R:localhost/127.0.0.1:30683]' for 'DELETE' to 'http://localhost:30683/session/a57d0ed98e109b26bbc34d7ba39da74d/cookie'
[DEBUG] Using open Channel [id: 0x3ab6cdce, L:/127.0.0.1:62558 - R:localhost/127.0.0.1:30683] for DELETE '/session/a57d0ed98e109b26bbc34d7ba39da74d/cookie'
[DEBUG] 

Request DefaultFullHttpRequest(decodeResult: success, version: HTTP/1.1, content: EmptyByteBufBE)
DELETE /session/a57d0ed98e109b26bbc34d7ba39da74d/cookie HTTP/1.1
User-Agent: selenium/4.8.2 (java windows)
Content-Type: application/json; charset=utf-8
host: localhost:30683
accept: */*

Response DefaultHttpResponse(decodeResult: success, version: HTTP/1.1)
HTTP/1.1 200 OK
Content-Length: 14
Content-Type: application/json; charset=utf-8
cache-control: no-cache

[DEBUG] Adding key: http://localhost:30683 for channel [id: 0x3ab6cdce, L:/127.0.0.1:62558 - R:localhost/127.0.0.1:30683]
[DEBUG] Using pooled Channel '[id: 0x3ab6cdce, L:/127.0.0.1:62558 - R:localhost/127.0.0.1:30683]' for 'POST' to 'http://localhost:30683/session/a57d0ed98e109b26bbc34d7ba39da74d/timeouts'
[DEBUG] Using open Channel [id: 0x3ab6cdce, L:/127.0.0.1:62558 - R:localhost/127.0.0.1:30683] for POST '/session/a57d0ed98e109b26bbc34d7ba39da74d/timeouts'
[DEBUG] 

Request DefaultHttpRequest(decodeResult: success, version: HTTP/1.1)
POST /session/a57d0ed98e109b26bbc34d7ba39da74d/timeouts HTTP/1.1
User-Agent: selenium/4.8.2 (java windows)
Content-Length: 23
Content-Type: application/json; charset=utf-8
host: localhost:30683
accept: */*

Response DefaultHttpResponse(decodeResult: success, version: HTTP/1.1)
HTTP/1.1 200 OK
Content-Length: 14
Content-Type: application/json; charset=utf-8
cache-control: no-cache

[DEBUG] Adding key: http://localhost:30683 for channel [id: 0x3ab6cdce, L:/127.0.0.1:62558 - R:localhost/127.0.0.1:30683]
[DEBUG] Using pooled Channel '[id: 0x3ab6cdce, L:/127.0.0.1:62558 - R:localhost/127.0.0.1:30683]' for 'POST' to 'http://localhost:30683/session/a57d0ed98e109b26bbc34d7ba39da74d/timeouts'
[DEBUG] Using open Channel [id: 0x3ab6cdce, L:/127.0.0.1:62558 - R:localhost/127.0.0.1:30683] for POST '/session/a57d0ed98e109b26bbc34d7ba39da74d/timeouts'
[DEBUG] 

Request DefaultHttpRequest(decodeResult: success, version: HTTP/1.1)
POST /session/a57d0ed98e109b26bbc34d7ba39da74d/timeouts HTTP/1.1
User-Agent: selenium/4.8.2 (java windows)
Content-Length: 23
Content-Type: application/json; charset=utf-8
host: localhost:30683
accept: */*

Response DefaultHttpResponse(decodeResult: success, version: HTTP/1.1)
HTTP/1.1 200 OK
Content-Length: 14
Content-Type: application/json; charset=utf-8
cache-control: no-cache

[DEBUG] Adding key: http://localhost:30683 for channel [id: 0x3ab6cdce, L:/127.0.0.1:62558 - R:localhost/127.0.0.1:30683]
[DEBUG] Using pooled Channel '[id: 0x3ab6cdce, L:/127.0.0.1:62558 - R:localhost/127.0.0.1:30683]' for 'POST' to 'http://localhost:30683/session/a57d0ed98e109b26bbc34d7ba39da74d/timeouts'
[DEBUG] Using open Channel [id: 0x3ab6cdce, L:/127.0.0.1:62558 - R:localhost/127.0.0.1:30683] for POST '/session/a57d0ed98e109b26bbc34d7ba39da74d/timeouts'
[DEBUG] 

Request DefaultHttpRequest(decodeResult: success, version: HTTP/1.1)
POST /session/a57d0ed98e109b26bbc34d7ba39da74d/timeouts HTTP/1.1
User-Agent: selenium/4.8.2 (java windows)
Content-Length: 21
Content-Type: application/json; charset=utf-8
host: localhost:30683
accept: */*

Response DefaultHttpResponse(decodeResult: success, version: HTTP/1.1)
HTTP/1.1 200 OK
Content-Length: 14
Content-Type: application/json; charset=utf-8
cache-control: no-cache

[DEBUG] Adding key: http://localhost:30683 for channel [id: 0x3ab6cdce, L:/127.0.0.1:62558 - R:localhost/127.0.0.1:30683]
[DEBUG] Entry count for : http://localhost:3515 : 1
[DEBUG] Entry count for : http://localhost:62560 : 1
[DEBUG] Entry count for : http://localhost:62515 : 1
[DEBUG] Entry count for : http://localhost:30683 : 1
[DEBUG] Using new Channel '[id: 0x0137af47, L:/127.0.0.1:62632 - R:localhost/127.0.0.1:14253]' for 'POST' to '/session'
[DEBUG] Entry count for : http://localhost:3515 : 1
[DEBUG] Entry count for : http://localhost:62560 : 1
[DEBUG] Entry count for : http://localhost:62515 : 1
[DEBUG] Entry count for : http://localhost:30683 : 1
[DEBUG] 

Request DefaultHttpRequest(decodeResult: success, version: HTTP/1.1)
POST /session HTTP/1.1
User-Agent: selenium/4.8.2 (java windows)
Content-Length: 621
Content-Type: application/json; charset=utf-8
host: localhost:14253
accept: */*

Response DefaultHttpResponse(decodeResult: success, version: HTTP/1.1)
HTTP/1.1 200 OK
Content-Length: 858
Content-Type: application/json; charset=utf-8
cache-control: no-cache

[DEBUG] Adding key: http://localhost:14253 for channel [id: 0x0137af47, L:/127.0.0.1:62632 - R:localhost/127.0.0.1:14253]
[DEBUG] Using new Channel '[id: 0x08503591, L:/127.0.0.1:62659 - R:localhost/127.0.0.1:62636]' for 'GET' to '/json/version'
[DEBUG] 

Request DefaultFullHttpRequest(decodeResult: success, version: HTTP/1.1, content: EmptyByteBufBE)
GET /json/version HTTP/1.1
User-Agent: selenium/4.8.2 (java windows)
host: localhost:62636
accept: */*

Response DefaultHttpResponse(decodeResult: success, version: HTTP/1.1)
HTTP/1.1 200 OK
Content-Security-Policy: frame-ancestors 'none'
Content-Length: 422
Content-Type: application/json; charset=UTF-8

[DEBUG] Adding key: http://localhost:62636 for channel [id: 0x08503591, L:/127.0.0.1:62659 - R:localhost/127.0.0.1:62636]
[DEBUG] Using new Channel '[id: 0x83f6b4ed, L:/127.0.0.1:62660 - R:localhost/127.0.0.1:62636]' for 'GET' to '/devtools/browser/0a133362-0284-49d4-b884-85430ff8a5e0'
[DEBUG] 

Request DefaultFullHttpRequest(decodeResult: success, version: HTTP/1.1, content: EmptyByteBufBE)
GET /devtools/browser/0a133362-0284-49d4-b884-85430ff8a5e0 HTTP/1.1
upgrade: websocket
connection: upgrade
sec-websocket-key: k9liqAfsCAss7T7gPyQ71w==
sec-websocket-version: 13
origin: http://localhost:62636
host: localhost:62636
accept: */*
user-agent: AHC/2.1

Response DefaultHttpResponse(decodeResult: success, version: HTTP/1.1)
HTTP/1.1 101 WebSocket Protocol Handshake
Upgrade: WebSocket
Connection: Upgrade
Sec-WebSocket-Accept: O54bt38KD2iUvQGexMgfMmZUUDo=

[DEBUG] Using pooled Channel '[id: 0x0137af47, L:/127.0.0.1:62632 - R:localhost/127.0.0.1:14253]' for 'POST' to 'http://localhost:14253/session/c774ef57a955992f408f614450243168/url'
[DEBUG] Using open Channel [id: 0x0137af47, L:/127.0.0.1:62632 - R:localhost/127.0.0.1:14253] for POST '/session/c774ef57a955992f408f614450243168/url'
[DEBUG] Entry count for : http://localhost:3515 : 1
[DEBUG] Entry count for : http://localhost:62560 : 1
[DEBUG] Entry count for : http://localhost:62515 : 1
[DEBUG] Entry count for : http://localhost:62636 : 1
[DEBUG] Entry count for : http://localhost:30683 : 1
[DEBUG] 

Request DefaultHttpRequest(decodeResult: success, version: HTTP/1.1)
POST /session/c774ef57a955992f408f614450243168/url HTTP/1.1
User-Agent: selenium/4.8.2 (java windows)
Content-Length: 53
Content-Type: application/json; charset=utf-8
host: localhost:14253
accept: */*

Response DefaultHttpResponse(decodeResult: success, version: HTTP/1.1)
HTTP/1.1 200 OK
Content-Length: 14
Content-Type: application/json; charset=utf-8
cache-control: no-cache

[DEBUG] Adding key: http://localhost:14253 for channel [id: 0x0137af47, L:/127.0.0.1:62632 - R:localhost/127.0.0.1:14253]
[DEBUG] Using pooled Channel '[id: 0x0137af47, L:/127.0.0.1:62632 - R:localhost/127.0.0.1:14253]' for 'POST' to 'http://localhost:14253/session/c774ef57a955992f408f614450243168/window/maximize'
[DEBUG] Using open Channel [id: 0x0137af47, L:/127.0.0.1:62632 - R:localhost/127.0.0.1:14253] for POST '/session/c774ef57a955992f408f614450243168/window/maximize'
[DEBUG] 

Request DefaultHttpRequest(decodeResult: success, version: HTTP/1.1)
POST /session/c774ef57a955992f408f614450243168/window/maximize HTTP/1.1
User-Agent: selenium/4.8.2 (java windows)
Content-Length: 3
Content-Type: application/json; charset=utf-8
host: localhost:14253
accept: */*

Response DefaultHttpResponse(decodeResult: success, version: HTTP/1.1)
HTTP/1.1 200 OK
Content-Length: 51
Content-Type: application/json; charset=utf-8
cache-control: no-cache

[DEBUG] Adding key: http://localhost:14253 for channel [id: 0x0137af47, L:/127.0.0.1:62632 - R:localhost/127.0.0.1:14253]
[DEBUG] Using pooled Channel '[id: 0x0137af47, L:/127.0.0.1:62632 - R:localhost/127.0.0.1:14253]' for 'DELETE' to 'http://localhost:14253/session/c774ef57a955992f408f614450243168/cookie'
[DEBUG] Using open Channel [id: 0x0137af47, L:/127.0.0.1:62632 - R:localhost/127.0.0.1:14253] for DELETE '/session/c774ef57a955992f408f614450243168/cookie'
[DEBUG] 

Request DefaultFullHttpRequest(decodeResult: success, version: HTTP/1.1, content: EmptyByteBufBE)
DELETE /session/c774ef57a955992f408f614450243168/cookie HTTP/1.1
User-Agent: selenium/4.8.2 (java windows)
Content-Type: application/json; charset=utf-8
host: localhost:14253
accept: */*

Response DefaultHttpResponse(decodeResult: success, version: HTTP/1.1)
HTTP/1.1 200 OK
Content-Length: 14
Content-Type: application/json; charset=utf-8
cache-control: no-cache

[DEBUG] Adding key: http://localhost:14253 for channel [id: 0x0137af47, L:/127.0.0.1:62632 - R:localhost/127.0.0.1:14253]
[DEBUG] Using pooled Channel '[id: 0x0137af47, L:/127.0.0.1:62632 - R:localhost/127.0.0.1:14253]' for 'POST' to 'http://localhost:14253/session/c774ef57a955992f408f614450243168/timeouts'
[DEBUG] Using open Channel [id: 0x0137af47, L:/127.0.0.1:62632 - R:localhost/127.0.0.1:14253] for POST '/session/c774ef57a955992f408f614450243168/timeouts'
[DEBUG] 

Request DefaultHttpRequest(decodeResult: success, version: HTTP/1.1)
POST /session/c774ef57a955992f408f614450243168/timeouts HTTP/1.1
User-Agent: selenium/4.8.2 (java windows)
Content-Length: 23
Content-Type: application/json; charset=utf-8
host: localhost:14253
accept: */*

Response DefaultHttpResponse(decodeResult: success, version: HTTP/1.1)
HTTP/1.1 200 OK
Content-Length: 14
Content-Type: application/json; charset=utf-8
cache-control: no-cache

[DEBUG] Adding key: http://localhost:14253 for channel [id: 0x0137af47, L:/127.0.0.1:62632 - R:localhost/127.0.0.1:14253]
[DEBUG] Using pooled Channel '[id: 0x0137af47, L:/127.0.0.1:62632 - R:localhost/127.0.0.1:14253]' for 'POST' to 'http://localhost:14253/session/c774ef57a955992f408f614450243168/timeouts'
[DEBUG] Using open Channel [id: 0x0137af47, L:/127.0.0.1:62632 - R:localhost/127.0.0.1:14253] for POST '/session/c774ef57a955992f408f614450243168/timeouts'
[DEBUG] 

Request DefaultHttpRequest(decodeResult: success, version: HTTP/1.1)
POST /session/c774ef57a955992f408f614450243168/timeouts HTTP/1.1
User-Agent: selenium/4.8.2 (java windows)
Content-Length: 23
Content-Type: application/json; charset=utf-8
host: localhost:14253
accept: */*

Response DefaultHttpResponse(decodeResult: success, version: HTTP/1.1)
HTTP/1.1 200 OK
Content-Length: 14
Content-Type: application/json; charset=utf-8
cache-control: no-cache

[DEBUG] Adding key: http://localhost:14253 for channel [id: 0x0137af47, L:/127.0.0.1:62632 - R:localhost/127.0.0.1:14253]
[DEBUG] Using pooled Channel '[id: 0x0137af47, L:/127.0.0.1:62632 - R:localhost/127.0.0.1:14253]' for 'POST' to 'http://localhost:14253/session/c774ef57a955992f408f614450243168/timeouts'
[DEBUG] Using open Channel [id: 0x0137af47, L:/127.0.0.1:62632 - R:localhost/127.0.0.1:14253] for POST '/session/c774ef57a955992f408f614450243168/timeouts'
[DEBUG] 

Request DefaultHttpRequest(decodeResult: success, version: HTTP/1.1)
POST /session/c774ef57a955992f408f614450243168/timeouts HTTP/1.1
User-Agent: selenium/4.8.2 (java windows)
Content-Length: 21
Content-Type: application/json; charset=utf-8
host: localhost:14253
accept: */*

Response DefaultHttpResponse(decodeResult: success, version: HTTP/1.1)
HTTP/1.1 200 OK
Content-Length: 14
Content-Type: application/json; charset=utf-8
cache-control: no-cache

[DEBUG] Adding key: http://localhost:14253 for channel [id: 0x0137af47, L:/127.0.0.1:62632 - R:localhost/127.0.0.1:14253]
[DEBUG] Entry count for : http://localhost:3515 : 1
[DEBUG] Entry count for : http://localhost:62560 : 1
[DEBUG] Entry count for : http://localhost:62515 : 1
[DEBUG] Entry count for : http://localhost:62636 : 1
[DEBUG] Entry count for : http://localhost:14253 : 1
[DEBUG] Entry count for : http://localhost:30683 : 1
[DEBUG] Using new Channel '[id: 0xa67c5c4f, L:/127.0.0.1:62777 - R:localhost/127.0.0.1:4213]' for 'POST' to '/session'
[DEBUG] Entry count for : http://localhost:3515 : 1
[DEBUG] Entry count for : http://localhost:62560 : 1
[DEBUG] Entry count for : http://localhost:62515 : 1
[DEBUG] Entry count for : http://localhost:62636 : 1
[DEBUG] Entry count for : http://localhost:14253 : 1
[DEBUG] Entry count for : http://localhost:30683 : 1
[DEBUG] 

Request DefaultHttpRequest(decodeResult: success, version: HTTP/1.1)
POST /session HTTP/1.1
User-Agent: selenium/4.8.2 (java windows)
Content-Length: 621
Content-Type: application/json; charset=utf-8
host: localhost:4213
accept: */*

Response DefaultHttpResponse(decodeResult: success, version: HTTP/1.1)
HTTP/1.1 200 OK
Content-Length: 856
Content-Type: application/json; charset=utf-8
cache-control: no-cache

[DEBUG] Adding key: http://localhost:4213 for channel [id: 0xa67c5c4f, L:/127.0.0.1:62777 - R:localhost/127.0.0.1:4213]
[DEBUG] Using new Channel '[id: 0x1e8f8fd4, L:/127.0.0.1:62814 - R:localhost/127.0.0.1:62790]' for 'GET' to '/json/version'
[DEBUG] 

Request DefaultFullHttpRequest(decodeResult: success, version: HTTP/1.1, content: EmptyByteBufBE)
GET /json/version HTTP/1.1
User-Agent: selenium/4.8.2 (java windows)
host: localhost:62790
accept: */*

Response DefaultHttpResponse(decodeResult: success, version: HTTP/1.1)
HTTP/1.1 200 OK
Content-Security-Policy: frame-ancestors 'none'
Content-Length: 422
Content-Type: application/json; charset=UTF-8

[DEBUG] Adding key: http://localhost:62790 for channel [id: 0x1e8f8fd4, L:/127.0.0.1:62814 - R:localhost/127.0.0.1:62790]
[DEBUG] Using new Channel '[id: 0x6f434886, L:/127.0.0.1:62815 - R:localhost/127.0.0.1:62790]' for 'GET' to '/devtools/browser/82fd942c-4ac7-42d8-871b-b335b8e4cda3'
[DEBUG] 

Request DefaultFullHttpRequest(decodeResult: success, version: HTTP/1.1, content: EmptyByteBufBE)
GET /devtools/browser/82fd942c-4ac7-42d8-871b-b335b8e4cda3 HTTP/1.1
upgrade: websocket
connection: upgrade
sec-websocket-key: Lbj4CXeaSOb7K/wShulCwA==
sec-websocket-version: 13
origin: http://localhost:62790
host: localhost:62790
accept: */*
user-agent: AHC/2.1

Response DefaultHttpResponse(decodeResult: success, version: HTTP/1.1)
HTTP/1.1 101 WebSocket Protocol Handshake
Upgrade: WebSocket
Connection: Upgrade
Sec-WebSocket-Accept: TT7QNtHsHjItYMSgEFBVrQfTRk0=

[DEBUG] Using pooled Channel '[id: 0xa67c5c4f, L:/127.0.0.1:62777 - R:localhost/127.0.0.1:4213]' for 'POST' to 'http://localhost:4213/session/dcd2e67dcc470678dfcec24138b4a06f/url'
[DEBUG] Using open Channel [id: 0xa67c5c4f, L:/127.0.0.1:62777 - R:localhost/127.0.0.1:4213] for POST '/session/dcd2e67dcc470678dfcec24138b4a06f/url'
[DEBUG] Entry count for : http://localhost:3515 : 1
[DEBUG] Entry count for : http://localhost:62560 : 1
[DEBUG] Entry count for : http://localhost:62790 : 1
[DEBUG] Entry count for : http://localhost:62515 : 1
[DEBUG] Entry count for : http://localhost:62636 : 1
[DEBUG] Entry count for : http://localhost:14253 : 1
[DEBUG] Entry count for : http://localhost:30683 : 1
[DEBUG] 

Request DefaultHttpRequest(decodeResult: success, version: HTTP/1.1)
POST /session/dcd2e67dcc470678dfcec24138b4a06f/url HTTP/1.1
User-Agent: selenium/4.8.2 (java windows)
Content-Length: 53
Content-Type: application/json; charset=utf-8
host: localhost:4213
accept: */*

Response DefaultHttpResponse(decodeResult: success, version: HTTP/1.1)
HTTP/1.1 200 OK
Content-Length: 14
Content-Type: application/json; charset=utf-8
cache-control: no-cache

[DEBUG] Adding key: http://localhost:4213 for channel [id: 0xa67c5c4f, L:/127.0.0.1:62777 - R:localhost/127.0.0.1:4213]
[DEBUG] Using pooled Channel '[id: 0xa67c5c4f, L:/127.0.0.1:62777 - R:localhost/127.0.0.1:4213]' for 'POST' to 'http://localhost:4213/session/dcd2e67dcc470678dfcec24138b4a06f/window/maximize'
[DEBUG] Using open Channel [id: 0xa67c5c4f, L:/127.0.0.1:62777 - R:localhost/127.0.0.1:4213] for POST '/session/dcd2e67dcc470678dfcec24138b4a06f/window/maximize'
[DEBUG] 

Request DefaultHttpRequest(decodeResult: success, version: HTTP/1.1)
POST /session/dcd2e67dcc470678dfcec24138b4a06f/window/maximize HTTP/1.1
User-Agent: selenium/4.8.2 (java windows)
Content-Length: 3
Content-Type: application/json; charset=utf-8
host: localhost:4213
accept: */*

Response DefaultHttpResponse(decodeResult: success, version: HTTP/1.1)
HTTP/1.1 200 OK
Content-Length: 51
Content-Type: application/json; charset=utf-8
cache-control: no-cache

[DEBUG] Adding key: http://localhost:4213 for channel [id: 0xa67c5c4f, L:/127.0.0.1:62777 - R:localhost/127.0.0.1:4213]
[DEBUG] Using pooled Channel '[id: 0xa67c5c4f, L:/127.0.0.1:62777 - R:localhost/127.0.0.1:4213]' for 'DELETE' to 'http://localhost:4213/session/dcd2e67dcc470678dfcec24138b4a06f/cookie'
[DEBUG] Using open Channel [id: 0xa67c5c4f, L:/127.0.0.1:62777 - R:localhost/127.0.0.1:4213] for DELETE '/session/dcd2e67dcc470678dfcec24138b4a06f/cookie'
[DEBUG] 

Request DefaultFullHttpRequest(decodeResult: success, version: HTTP/1.1, content: EmptyByteBufBE)
DELETE /session/dcd2e67dcc470678dfcec24138b4a06f/cookie HTTP/1.1
User-Agent: selenium/4.8.2 (java windows)
Content-Type: application/json; charset=utf-8
host: localhost:4213
accept: */*

Response DefaultHttpResponse(decodeResult: success, version: HTTP/1.1)
HTTP/1.1 200 OK
Content-Length: 14
Content-Type: application/json; charset=utf-8
cache-control: no-cache

[DEBUG] Adding key: http://localhost:4213 for channel [id: 0xa67c5c4f, L:/127.0.0.1:62777 - R:localhost/127.0.0.1:4213]
[DEBUG] Using pooled Channel '[id: 0xa67c5c4f, L:/127.0.0.1:62777 - R:localhost/127.0.0.1:4213]' for 'POST' to 'http://localhost:4213/session/dcd2e67dcc470678dfcec24138b4a06f/timeouts'
[DEBUG] Using open Channel [id: 0xa67c5c4f, L:/127.0.0.1:62777 - R:localhost/127.0.0.1:4213] for POST '/session/dcd2e67dcc470678dfcec24138b4a06f/timeouts'
[DEBUG] 

Request DefaultHttpRequest(decodeResult: success, version: HTTP/1.1)
POST /session/dcd2e67dcc470678dfcec24138b4a06f/timeouts HTTP/1.1
User-Agent: selenium/4.8.2 (java windows)
Content-Length: 23
Content-Type: application/json; charset=utf-8
host: localhost:4213
accept: */*

Response DefaultHttpResponse(decodeResult: success, version: HTTP/1.1)
HTTP/1.1 200 OK
Content-Length: 14
Content-Type: application/json; charset=utf-8
cache-control: no-cache

[DEBUG] Adding key: http://localhost:4213 for channel [id: 0xa67c5c4f, L:/127.0.0.1:62777 - R:localhost/127.0.0.1:4213]
[DEBUG] Using pooled Channel '[id: 0xa67c5c4f, L:/127.0.0.1:62777 - R:localhost/127.0.0.1:4213]' for 'POST' to 'http://localhost:4213/session/dcd2e67dcc470678dfcec24138b4a06f/timeouts'
[DEBUG] Using open Channel [id: 0xa67c5c4f, L:/127.0.0.1:62777 - R:localhost/127.0.0.1:4213] for POST '/session/dcd2e67dcc470678dfcec24138b4a06f/timeouts'
[DEBUG] 

Request DefaultHttpRequest(decodeResult: success, version: HTTP/1.1)
POST /session/dcd2e67dcc470678dfcec24138b4a06f/timeouts HTTP/1.1
User-Agent: selenium/4.8.2 (java windows)
Content-Length: 23
Content-Type: application/json; charset=utf-8
host: localhost:4213
accept: */*

Response DefaultHttpResponse(decodeResult: success, version: HTTP/1.1)
HTTP/1.1 200 OK
Content-Length: 14
Content-Type: application/json; charset=utf-8
cache-control: no-cache

[DEBUG] Adding key: http://localhost:4213 for channel [id: 0xa67c5c4f, L:/127.0.0.1:62777 - R:localhost/127.0.0.1:4213]
[DEBUG] Using pooled Channel '[id: 0xa67c5c4f, L:/127.0.0.1:62777 - R:localhost/127.0.0.1:4213]' for 'POST' to 'http://localhost:4213/session/dcd2e67dcc470678dfcec24138b4a06f/timeouts'
[DEBUG] Using open Channel [id: 0xa67c5c4f, L:/127.0.0.1:62777 - R:localhost/127.0.0.1:4213] for POST '/session/dcd2e67dcc470678dfcec24138b4a06f/timeouts'
[DEBUG] 

Request DefaultHttpRequest(decodeResult: success, version: HTTP/1.1)
POST /session/dcd2e67dcc470678dfcec24138b4a06f/timeouts HTTP/1.1
User-Agent: selenium/4.8.2 (java windows)
Content-Length: 21
Content-Type: application/json; charset=utf-8
host: localhost:4213
accept: */*

Response DefaultHttpResponse(decodeResult: success, version: HTTP/1.1)
HTTP/1.1 200 OK
Content-Length: 14
Content-Type: application/json; charset=utf-8
cache-control: no-cache

[DEBUG] Adding key: http://localhost:4213 for channel [id: 0xa67c5c4f, L:/127.0.0.1:62777 - R:localhost/127.0.0.1:4213]
[DEBUG] Using pooled Channel '[id: 0xa67c5c4f, L:/127.0.0.1:62777 - R:localhost/127.0.0.1:4213]' for 'GET' to 'http://localhost:4213/session/dcd2e67dcc470678dfcec24138b4a06f/url'
[DEBUG] Using open Channel [id: 0xa67c5c4f, L:/127.0.0.1:62777 - R:localhost/127.0.0.1:4213] for GET '/session/dcd2e67dcc470678dfcec24138b4a06f/url'
[DEBUG] 

Request DefaultFullHttpRequest(decodeResult: success, version: HTTP/1.1, content: EmptyByteBufBE)
GET /session/dcd2e67dcc470678dfcec24138b4a06f/url HTTP/1.1
User-Agent: selenium/4.8.2 (java windows)
Cache-Control: no-cache
Content-Type: application/json; charset=utf-8
host: localhost:4213
accept: */*

Response DefaultHttpResponse(decodeResult: success, version: HTTP/1.1)
HTTP/1.1 200 OK
Content-Length: 35
Content-Type: application/json; charset=utf-8
cache-control: no-cache

[DEBUG] Adding key: http://localhost:4213 for channel [id: 0xa67c5c4f, L:/127.0.0.1:62777 - R:localhost/127.0.0.1:4213]
https://www.rediff.com/
[DEBUG] Using pooled Channel '[id: 0xa67c5c4f, L:/127.0.0.1:62777 - R:localhost/127.0.0.1:4213]' for 'GET' to 'http://localhost:4213/session/dcd2e67dcc470678dfcec24138b4a06f/title'
[DEBUG] Using open Channel [id: 0xa67c5c4f, L:/127.0.0.1:62777 - R:localhost/127.0.0.1:4213] for GET '/session/dcd2e67dcc470678dfcec24138b4a06f/title'
[DEBUG] 

Request DefaultFullHttpRequest(decodeResult: success, version: HTTP/1.1, content: EmptyByteBufBE)
GET /session/dcd2e67dcc470678dfcec24138b4a06f/title HTTP/1.1
User-Agent: selenium/4.8.2 (java windows)
Cache-Control: no-cache
Content-Type: application/json; charset=utf-8
host: localhost:4213
accept: */*

Response DefaultHttpResponse(decodeResult: success, version: HTTP/1.1)
HTTP/1.1 200 OK
Content-Length: 67
Content-Type: application/json; charset=utf-8
cache-control: no-cache

[DEBUG] Adding key: http://localhost:4213 for channel [id: 0xa67c5c4f, L:/127.0.0.1:62777 - R:localhost/127.0.0.1:4213]
Rediff.com: News | Rediffmail | Stock Quotes | Shopping
[DEBUG] Using pooled Channel '[id: 0xa67c5c4f, L:/127.0.0.1:62777 - R:localhost/127.0.0.1:4213]' for 'GET' to 'http://localhost:4213/session/dcd2e67dcc470678dfcec24138b4a06f/url'
[DEBUG] Using open Channel [id: 0xa67c5c4f, L:/127.0.0.1:62777 - R:localhost/127.0.0.1:4213] for GET '/session/dcd2e67dcc470678dfcec24138b4a06f/url'
[DEBUG] 

Request DefaultFullHttpRequest(decodeResult: success, version: HTTP/1.1, content: EmptyByteBufBE)
GET /session/dcd2e67dcc470678dfcec24138b4a06f/url HTTP/1.1
User-Agent: selenium/4.8.2 (java windows)
Cache-Control: no-cache
Content-Type: application/json; charset=utf-8
host: localhost:4213
accept: */*

Response DefaultHttpResponse(decodeResult: success, version: HTTP/1.1)
HTTP/1.1 200 OK
Content-Length: 35
Content-Type: application/json; charset=utf-8
cache-control: no-cache

[DEBUG] Adding key: http://localhost:4213 for channel [id: 0xa67c5c4f, L:/127.0.0.1:62777 - R:localhost/127.0.0.1:4213]
[DEBUG] Using pooled Channel '[id: 0xa67c5c4f, L:/127.0.0.1:62777 - R:localhost/127.0.0.1:4213]' for 'GET' to 'http://localhost:4213/session/dcd2e67dcc470678dfcec24138b4a06f/title'
[DEBUG] Using open Channel [id: 0xa67c5c4f, L:/127.0.0.1:62777 - R:localhost/127.0.0.1:4213] for GET '/session/dcd2e67dcc470678dfcec24138b4a06f/title'
[DEBUG] Entry count for : http://localhost:3515 : 1
[DEBUG] Entry count for : http://localhost:62560 : 1
[DEBUG] Entry count for : http://localhost:62790 : 1
[DEBUG] Entry count for : http://localhost:62515 : 1
[DEBUG] Entry count for : http://localhost:62636 : 1
[DEBUG] Entry count for : http://localhost:14253 : 1
[DEBUG] Entry count for : http://localhost:30683 : 1
[DEBUG] 

Request DefaultFullHttpRequest(decodeResult: success, version: HTTP/1.1, content: EmptyByteBufBE)
GET /session/dcd2e67dcc470678dfcec24138b4a06f/title HTTP/1.1
User-Agent: selenium/4.8.2 (java windows)
Cache-Control: no-cache
Content-Type: application/json; charset=utf-8
host: localhost:4213
accept: */*

Response DefaultHttpResponse(decodeResult: success, version: HTTP/1.1)
HTTP/1.1 200 OK
Content-Length: 67
Content-Type: application/json; charset=utf-8
cache-control: no-cache

[DEBUG] Adding key: http://localhost:4213 for channel [id: 0xa67c5c4f, L:/127.0.0.1:62777 - R:localhost/127.0.0.1:4213]
Landing Page is Valid
]]></system-out>
    <system-err><![CDATA[Starting ChromeDriver 112.0.5615.49 (bd2a7bcb881c11e8cfe3078709382934e3916914-refs/branch-heads/5615@{#936}) on port 3515
Only local connections are allowed.
Please see https://chromedriver.chromium.org/security-considerations for suggestions on keeping ChromeDriver safe.
ChromeDriver was started successfully.
Apr 11, 2023 1:04:35 PM org.openqa.selenium.devtools.CdpVersionFinder findNearestMatch
WARNING: Unable to find an exact match for CDP version 112, so returning the closest version found: 111
Starting ChromeDriver 112.0.5615.49 (bd2a7bcb881c11e8cfe3078709382934e3916914-refs/branch-heads/5615@{#936}) on port 30683
Only local connections are allowed.
Please see https://chromedriver.chromium.org/security-considerations for suggestions on keeping ChromeDriver safe.
ChromeDriver was started successfully.
Apr 11, 2023 1:04:37 PM org.openqa.selenium.devtools.CdpVersionFinder findNearestMatch
WARNING: Unable to find an exact match for CDP version 112, so returning the closest version found: 111
Starting ChromeDriver 112.0.5615.49 (bd2a7bcb881c11e8cfe3078709382934e3916914-refs/branch-heads/5615@{#936}) on port 14253
Only local connections are allowed.
Please see https://chromedriver.chromium.org/security-considerations for suggestions on keeping ChromeDriver safe.
ChromeDriver was started successfully.
Apr 11, 2023 1:04:39 PM org.openqa.selenium.devtools.CdpVersionFinder findNearestMatch
WARNING: Unable to find an exact match for CDP version 112, so returning the closest version found: 111
Starting ChromeDriver 112.0.5615.49 (bd2a7bcb881c11e8cfe3078709382934e3916914-refs/branch-heads/5615@{#936}) on port 4213
Only local connections are allowed.
Please see https://chromedriver.chromium.org/security-considerations for suggestions on keeping ChromeDriver safe.
ChromeDriver was started successfully.
Apr 11, 2023 1:04:43 PM org.openqa.selenium.devtools.CdpVersionFinder findNearestMatch
WARNING: Unable to find an exact match for CDP version 112, so returning the closest version found: 111
]]></system-err>
  </testcase>
  <testcase name="signInButtonisDisplayedandEnabled" classname="com.qa.hybridrediff.testcases.Hybrid_LandingPageTest" time="0.098">
    <system-out><![CDATA[[DEBUG] Channel Closed: [id: 0x1ffb4a05, L:/127.0.0.1:63538 ! R:localhost/127.0.0.1:63532] with attribute NettyResponseFuture{currentRetry=0,
	isDone=1,
	isCancelled=0,
	asyncHandler=org.asynchttpclient.ws.WebSocketUpgradeHandler@6f79ce88,
	nettyRequest=org.asynchttpclient.netty.request.NettyRequest@3a4f9a45,
	future=java.util.concurrent.CompletableFuture@1752fa4d[Completed normally],
	uri=ws://localhost:63532/devtools/browser/904f09b6-496a-4fa9-8ca1-7d56db81a123,
	keepAlive=true,
	redirectCount=0,
	timeoutsHolder=null,
	inAuth=0,
	touch=1681243565641}
[DEBUG] Closing Channel [id: 0x1ffb4a05, L:/127.0.0.1:63538 ! R:localhost/127.0.0.1:63532] 
[DEBUG] Using pooled Channel '[id: 0x7d04180d, L:/127.0.0.1:63531 - R:localhost/127.0.0.1:2978]' for 'DELETE' to 'http://localhost:2978/session/0cdc34614b3630f5d4910bfa97852f9b'
[DEBUG] Using open Channel [id: 0x7d04180d, L:/127.0.0.1:63531 - R:localhost/127.0.0.1:2978] for DELETE '/session/0cdc34614b3630f5d4910bfa97852f9b'
[DEBUG] Unexpected I/O exception on channel [id: 0x600b34ce, L:/127.0.0.1:63537 - R:localhost/127.0.0.1:63532]
java.io.IOException: An existing connection was forcibly closed by the remote host
	at sun.nio.ch.SocketDispatcher.read0(Native Method) ~[na:1.8.0_333]
	at sun.nio.ch.SocketDispatcher.read(SocketDispatcher.java:43) ~[na:1.8.0_333]
	at sun.nio.ch.IOUtil.readIntoNativeBuffer(IOUtil.java:223) ~[na:1.8.0_333]
	at sun.nio.ch.IOUtil.read(IOUtil.java:192) ~[na:1.8.0_333]
	at sun.nio.ch.SocketChannelImpl.read(SocketChannelImpl.java:378) ~[na:1.8.0_333]
	at io.netty.buffer.PooledByteBuf.setBytes(PooledByteBuf.java:256) ~[netty-buffer-4.1.90.Final.jar:4.1.90.Final]
	at io.netty.buffer.AbstractByteBuf.writeBytes(AbstractByteBuf.java:1132) ~[netty-buffer-4.1.90.Final.jar:4.1.90.Final]
	at io.netty.channel.socket.nio.NioSocketChannel.doReadBytes(NioSocketChannel.java:357) ~[netty-transport-4.1.90.Final.jar:4.1.90.Final]
	at io.netty.channel.nio.AbstractNioByteChannel$NioByteUnsafe.read(AbstractNioByteChannel.java:151) ~[netty-transport-4.1.90.Final.jar:4.1.90.Final]
	at io.netty.channel.nio.NioEventLoop.processSelectedKey(NioEventLoop.java:788) [netty-transport-4.1.90.Final.jar:4.1.90.Final]
	at io.netty.channel.nio.NioEventLoop.processSelectedKeysOptimized(NioEventLoop.java:724) [netty-transport-4.1.90.Final.jar:4.1.90.Final]
	at io.netty.channel.nio.NioEventLoop.processSelectedKeys(NioEventLoop.java:650) [netty-transport-4.1.90.Final.jar:4.1.90.Final]
	at io.netty.channel.nio.NioEventLoop.run(NioEventLoop.java:562) [netty-transport-4.1.90.Final.jar:4.1.90.Final]
	at io.netty.util.concurrent.SingleThreadEventExecutor$4.run(SingleThreadEventExecutor.java:997) [netty-common-4.1.90.Final.jar:4.1.90.Final]
	at io.netty.util.internal.ThreadExecutorMap$2.run(ThreadExecutorMap.java:74) [netty-common-4.1.90.Final.jar:4.1.90.Final]
	at io.netty.util.concurrent.FastThreadLocalRunnable.run(FastThreadLocalRunnable.java:30) [netty-common-4.1.90.Final.jar:4.1.90.Final]
	at java.lang.Thread.run(Thread.java:750) [na:1.8.0_333]
[DEBUG] Closing Channel [id: 0x600b34ce, L:/127.0.0.1:63537 - R:localhost/127.0.0.1:63532] 
[DEBUG] Channel Closed: [id: 0x600b34ce, L:/127.0.0.1:63537 ! R:localhost/127.0.0.1:63532] with attribute DISCARD
[DEBUG] 

Request DefaultFullHttpRequest(decodeResult: success, version: HTTP/1.1, content: EmptyByteBufBE)
DELETE /session/0cdc34614b3630f5d4910bfa97852f9b HTTP/1.1
User-Agent: selenium/4.8.2 (java windows)
Content-Type: application/json; charset=utf-8
host: localhost:2978
accept: */*

Response DefaultHttpResponse(decodeResult: success, version: HTTP/1.1)
HTTP/1.1 200 OK
Content-Length: 14
Content-Type: application/json; charset=utf-8
cache-control: no-cache

[DEBUG] Adding key: http://localhost:2978 for channel [id: 0x7d04180d, L:/127.0.0.1:63531 - R:localhost/127.0.0.1:2978]
[DEBUG] Channel Closed: [id: 0x7d04180d, L:/127.0.0.1:63531 ! R:localhost/127.0.0.1:2978] with attribute DISCARD
[DEBUG] Entry count for : http://localhost:63532 : 1
[DEBUG] Entry count for : http://localhost:2978 : 1
[DEBUG] Adding Candidate expired Channel [id: 0x600b34ce, L:/127.0.0.1:63537 ! R:localhost/127.0.0.1:63532] isIdleTimeoutExpired=false isRemotelyClosed=true isTtlExpired=false
[DEBUG] Closing Idle Channel [id: 0x600b34ce, L:/127.0.0.1:63537 ! R:localhost/127.0.0.1:63532]
[DEBUG] Adding Candidate expired Channel [id: 0x7d04180d, L:/127.0.0.1:63531 ! R:localhost/127.0.0.1:2978] isIdleTimeoutExpired=false isRemotelyClosed=true isTtlExpired=false
[DEBUG] Closing Idle Channel [id: 0x7d04180d, L:/127.0.0.1:63531 ! R:localhost/127.0.0.1:2978]
[DEBUG] Closed 2 connections out of 2 in 0 ms
[DEBUG] Using new Channel '[id: 0x0f364e0d, L:/127.0.0.1:63654 - R:localhost/127.0.0.1:23716]' for 'POST' to '/session'
[DEBUG] 

Request DefaultHttpRequest(decodeResult: success, version: HTTP/1.1)
POST /session HTTP/1.1
User-Agent: selenium/4.8.2 (java windows)
Content-Length: 621
Content-Type: application/json; charset=utf-8
host: localhost:23716
accept: */*

Response DefaultHttpResponse(decodeResult: success, version: HTTP/1.1)
HTTP/1.1 200 OK
Content-Length: 857
Content-Type: application/json; charset=utf-8
cache-control: no-cache

[DEBUG] Adding key: http://localhost:23716 for channel [id: 0x0f364e0d, L:/127.0.0.1:63654 - R:localhost/127.0.0.1:23716]
[DEBUG] Using new Channel '[id: 0x12368754, L:/127.0.0.1:63660 - R:localhost/127.0.0.1:63655]' for 'GET' to '/json/version'
[DEBUG] 

Request DefaultFullHttpRequest(decodeResult: success, version: HTTP/1.1, content: EmptyByteBufBE)
GET /json/version HTTP/1.1
User-Agent: selenium/4.8.2 (java windows)
host: localhost:63655
accept: */*

Response DefaultHttpResponse(decodeResult: success, version: HTTP/1.1)
HTTP/1.1 200 OK
Content-Security-Policy: frame-ancestors 'none'
Content-Length: 422
Content-Type: application/json; charset=UTF-8

[DEBUG] Adding key: http://localhost:63655 for channel [id: 0x12368754, L:/127.0.0.1:63660 - R:localhost/127.0.0.1:63655]
[DEBUG] Using new Channel '[id: 0xe6feb413, L:/127.0.0.1:63661 - R:localhost/127.0.0.1:63655]' for 'GET' to '/devtools/browser/60b26c5d-cbb1-4e11-8101-dcf0e56f6f1d'
[DEBUG] 

Request DefaultFullHttpRequest(decodeResult: success, version: HTTP/1.1, content: EmptyByteBufBE)
GET /devtools/browser/60b26c5d-cbb1-4e11-8101-dcf0e56f6f1d HTTP/1.1
upgrade: websocket
connection: upgrade
sec-websocket-key: XITHZI/1AGBExr5fR+Sx6g==
sec-websocket-version: 13
origin: http://localhost:63655
host: localhost:63655
accept: */*
user-agent: AHC/2.1

Response DefaultHttpResponse(decodeResult: success, version: HTTP/1.1)
HTTP/1.1 101 WebSocket Protocol Handshake
Upgrade: WebSocket
Connection: Upgrade
Sec-WebSocket-Accept: bhbBxqBee0X0w4KS+KOeGYFecMM=

[DEBUG] Using pooled Channel '[id: 0x0f364e0d, L:/127.0.0.1:63654 - R:localhost/127.0.0.1:23716]' for 'POST' to 'http://localhost:23716/session/3cc0fc9a86746339522a7f87b7f3de8f/url'
[DEBUG] Using open Channel [id: 0x0f364e0d, L:/127.0.0.1:63654 - R:localhost/127.0.0.1:23716] for POST '/session/3cc0fc9a86746339522a7f87b7f3de8f/url'
[DEBUG] 

Request DefaultHttpRequest(decodeResult: success, version: HTTP/1.1)
POST /session/3cc0fc9a86746339522a7f87b7f3de8f/url HTTP/1.1
User-Agent: selenium/4.8.2 (java windows)
Content-Length: 53
Content-Type: application/json; charset=utf-8
host: localhost:23716
accept: */*

Response DefaultHttpResponse(decodeResult: success, version: HTTP/1.1)
HTTP/1.1 200 OK
Content-Length: 14
Content-Type: application/json; charset=utf-8
cache-control: no-cache

[DEBUG] Adding key: http://localhost:23716 for channel [id: 0x0f364e0d, L:/127.0.0.1:63654 - R:localhost/127.0.0.1:23716]
[DEBUG] Using pooled Channel '[id: 0x0f364e0d, L:/127.0.0.1:63654 - R:localhost/127.0.0.1:23716]' for 'POST' to 'http://localhost:23716/session/3cc0fc9a86746339522a7f87b7f3de8f/window/maximize'
[DEBUG] Using open Channel [id: 0x0f364e0d, L:/127.0.0.1:63654 - R:localhost/127.0.0.1:23716] for POST '/session/3cc0fc9a86746339522a7f87b7f3de8f/window/maximize'
[DEBUG] 

Request DefaultHttpRequest(decodeResult: success, version: HTTP/1.1)
POST /session/3cc0fc9a86746339522a7f87b7f3de8f/window/maximize HTTP/1.1
User-Agent: selenium/4.8.2 (java windows)
Content-Length: 3
Content-Type: application/json; charset=utf-8
host: localhost:23716
accept: */*

Response DefaultHttpResponse(decodeResult: success, version: HTTP/1.1)
HTTP/1.1 200 OK
Content-Length: 51
Content-Type: application/json; charset=utf-8
cache-control: no-cache

[DEBUG] Adding key: http://localhost:23716 for channel [id: 0x0f364e0d, L:/127.0.0.1:63654 - R:localhost/127.0.0.1:23716]
[DEBUG] Using pooled Channel '[id: 0x0f364e0d, L:/127.0.0.1:63654 - R:localhost/127.0.0.1:23716]' for 'DELETE' to 'http://localhost:23716/session/3cc0fc9a86746339522a7f87b7f3de8f/cookie'
[DEBUG] Using open Channel [id: 0x0f364e0d, L:/127.0.0.1:63654 - R:localhost/127.0.0.1:23716] for DELETE '/session/3cc0fc9a86746339522a7f87b7f3de8f/cookie'
[DEBUG] 

Request DefaultFullHttpRequest(decodeResult: success, version: HTTP/1.1, content: EmptyByteBufBE)
DELETE /session/3cc0fc9a86746339522a7f87b7f3de8f/cookie HTTP/1.1
User-Agent: selenium/4.8.2 (java windows)
Content-Type: application/json; charset=utf-8
host: localhost:23716
accept: */*

Response DefaultHttpResponse(decodeResult: success, version: HTTP/1.1)
HTTP/1.1 200 OK
Content-Length: 14
Content-Type: application/json; charset=utf-8
cache-control: no-cache

[DEBUG] Adding key: http://localhost:23716 for channel [id: 0x0f364e0d, L:/127.0.0.1:63654 - R:localhost/127.0.0.1:23716]
[DEBUG] Using pooled Channel '[id: 0x0f364e0d, L:/127.0.0.1:63654 - R:localhost/127.0.0.1:23716]' for 'POST' to 'http://localhost:23716/session/3cc0fc9a86746339522a7f87b7f3de8f/timeouts'
[DEBUG] Using open Channel [id: 0x0f364e0d, L:/127.0.0.1:63654 - R:localhost/127.0.0.1:23716] for POST '/session/3cc0fc9a86746339522a7f87b7f3de8f/timeouts'
[DEBUG] 

Request DefaultHttpRequest(decodeResult: success, version: HTTP/1.1)
POST /session/3cc0fc9a86746339522a7f87b7f3de8f/timeouts HTTP/1.1
User-Agent: selenium/4.8.2 (java windows)
Content-Length: 23
Content-Type: application/json; charset=utf-8
host: localhost:23716
accept: */*

Response DefaultHttpResponse(decodeResult: success, version: HTTP/1.1)
HTTP/1.1 200 OK
Content-Length: 14
Content-Type: application/json; charset=utf-8
cache-control: no-cache

[DEBUG] Adding key: http://localhost:23716 for channel [id: 0x0f364e0d, L:/127.0.0.1:63654 - R:localhost/127.0.0.1:23716]
[DEBUG] Using pooled Channel '[id: 0x0f364e0d, L:/127.0.0.1:63654 - R:localhost/127.0.0.1:23716]' for 'POST' to 'http://localhost:23716/session/3cc0fc9a86746339522a7f87b7f3de8f/timeouts'
[DEBUG] Using open Channel [id: 0x0f364e0d, L:/127.0.0.1:63654 - R:localhost/127.0.0.1:23716] for POST '/session/3cc0fc9a86746339522a7f87b7f3de8f/timeouts'
[DEBUG] 

Request DefaultHttpRequest(decodeResult: success, version: HTTP/1.1)
POST /session/3cc0fc9a86746339522a7f87b7f3de8f/timeouts HTTP/1.1
User-Agent: selenium/4.8.2 (java windows)
Content-Length: 23
Content-Type: application/json; charset=utf-8
host: localhost:23716
accept: */*

Response DefaultHttpResponse(decodeResult: success, version: HTTP/1.1)
HTTP/1.1 200 OK
Content-Length: 14
Content-Type: application/json; charset=utf-8
cache-control: no-cache

[DEBUG] Adding key: http://localhost:23716 for channel [id: 0x0f364e0d, L:/127.0.0.1:63654 - R:localhost/127.0.0.1:23716]
[DEBUG] Using pooled Channel '[id: 0x0f364e0d, L:/127.0.0.1:63654 - R:localhost/127.0.0.1:23716]' for 'POST' to 'http://localhost:23716/session/3cc0fc9a86746339522a7f87b7f3de8f/timeouts'
[DEBUG] Using open Channel [id: 0x0f364e0d, L:/127.0.0.1:63654 - R:localhost/127.0.0.1:23716] for POST '/session/3cc0fc9a86746339522a7f87b7f3de8f/timeouts'
[DEBUG] 

Request DefaultHttpRequest(decodeResult: success, version: HTTP/1.1)
POST /session/3cc0fc9a86746339522a7f87b7f3de8f/timeouts HTTP/1.1
User-Agent: selenium/4.8.2 (java windows)
Content-Length: 21
Content-Type: application/json; charset=utf-8
host: localhost:23716
accept: */*

Response DefaultHttpResponse(decodeResult: success, version: HTTP/1.1)
HTTP/1.1 200 OK
Content-Length: 14
Content-Type: application/json; charset=utf-8
cache-control: no-cache

[DEBUG] Adding key: http://localhost:23716 for channel [id: 0x0f364e0d, L:/127.0.0.1:63654 - R:localhost/127.0.0.1:23716]
[DEBUG] Using pooled Channel '[id: 0x0f364e0d, L:/127.0.0.1:63654 - R:localhost/127.0.0.1:23716]' for 'POST' to 'http://localhost:23716/session/3cc0fc9a86746339522a7f87b7f3de8f/element'
[DEBUG] Using open Channel [id: 0x0f364e0d, L:/127.0.0.1:63654 - R:localhost/127.0.0.1:23716] for POST '/session/3cc0fc9a86746339522a7f87b7f3de8f/element'
[DEBUG] 

Request DefaultHttpRequest(decodeResult: success, version: HTTP/1.1)
POST /session/3cc0fc9a86746339522a7f87b7f3de8f/element HTTP/1.1
User-Agent: selenium/4.8.2 (java windows)
Content-Length: 48
Content-Type: application/json; charset=utf-8
host: localhost:23716
accept: */*

Response DefaultHttpResponse(decodeResult: success, version: HTTP/1.1)
HTTP/1.1 200 OK
Content-Length: 88
Content-Type: application/json; charset=utf-8
cache-control: no-cache

[DEBUG] Adding key: http://localhost:23716 for channel [id: 0x0f364e0d, L:/127.0.0.1:63654 - R:localhost/127.0.0.1:23716]
[DEBUG] Using pooled Channel '[id: 0x0f364e0d, L:/127.0.0.1:63654 - R:localhost/127.0.0.1:23716]' for 'POST' to 'http://localhost:23716/session/3cc0fc9a86746339522a7f87b7f3de8f/execute/sync'
[DEBUG] Using open Channel [id: 0x0f364e0d, L:/127.0.0.1:63654 - R:localhost/127.0.0.1:23716] for POST '/session/3cc0fc9a86746339522a7f87b7f3de8f/execute/sync'
[DEBUG] Entry count for : http://localhost:63655 : 1
[DEBUG] 

Request DefaultHttpRequest(decodeResult: success, version: HTTP/1.1)
POST /session/3cc0fc9a86746339522a7f87b7f3de8f/execute/sync HTTP/1.1
User-Agent: selenium/4.8.2 (java windows)
Content-Length: 48807
Content-Type: application/json; charset=utf-8
host: localhost:23716
accept: */*

Response DefaultHttpResponse(decodeResult: success, version: HTTP/1.1)
HTTP/1.1 200 OK
Content-Length: 14
Content-Type: application/json; charset=utf-8
cache-control: no-cache

[DEBUG] Adding key: http://localhost:23716 for channel [id: 0x0f364e0d, L:/127.0.0.1:63654 - R:localhost/127.0.0.1:23716]
[DEBUG] Using pooled Channel '[id: 0x0f364e0d, L:/127.0.0.1:63654 - R:localhost/127.0.0.1:23716]' for 'GET' to 'http://localhost:23716/session/3cc0fc9a86746339522a7f87b7f3de8f/element/b142b91a-eaca-4d04-8ca0-13675ae72722/enabled'
[DEBUG] Using open Channel [id: 0x0f364e0d, L:/127.0.0.1:63654 - R:localhost/127.0.0.1:23716] for GET '/session/3cc0fc9a86746339522a7f87b7f3de8f/element/b142b91a-eaca-4d04-8ca0-13675ae72722/enabled'
[DEBUG] 

Request DefaultFullHttpRequest(decodeResult: success, version: HTTP/1.1, content: EmptyByteBufBE)
GET /session/3cc0fc9a86746339522a7f87b7f3de8f/element/b142b91a-eaca-4d04-8ca0-13675ae72722/enabled HTTP/1.1
User-Agent: selenium/4.8.2 (java windows)
Cache-Control: no-cache
Content-Type: application/json; charset=utf-8
host: localhost:23716
accept: */*

Response DefaultHttpResponse(decodeResult: success, version: HTTP/1.1)
HTTP/1.1 200 OK
Content-Length: 14
Content-Type: application/json; charset=utf-8
cache-control: no-cache

[DEBUG] Adding key: http://localhost:23716 for channel [id: 0x0f364e0d, L:/127.0.0.1:63654 - R:localhost/127.0.0.1:23716]
]]></system-out>
    <system-err><![CDATA[Starting ChromeDriver 112.0.5615.49 (bd2a7bcb881c11e8cfe3078709382934e3916914-refs/branch-heads/5615@{#936}) on port 23716
Only local connections are allowed.
Please see https://chromedriver.chromium.org/security-considerations for suggestions on keeping ChromeDriver safe.
ChromeDriver was started successfully.
Apr 11, 2023 1:06:19 PM org.openqa.selenium.devtools.CdpVersionFinder findNearestMatch
WARNING: Unable to find an exact match for CDP version 112, so returning the closest version found: 111
]]></system-err>
  </testcase>
  <testcase name="clickOnSignInButton" classname="com.qa.hybridrediff.testcases.Hybrid_SignInLinkTest" time="2.222">
    <system-out><![CDATA[[DEBUG] Channel Closed: [id: 0x6f434886, L:/127.0.0.1:62815 ! R:localhost/127.0.0.1:62790] with attribute NettyResponseFuture{currentRetry=0,
	isDone=1,
	isCancelled=0,
	asyncHandler=org.asynchttpclient.ws.WebSocketUpgradeHandler@593c9b5b,
	nettyRequest=org.asynchttpclient.netty.request.NettyRequest@32004cb5,
	future=java.util.concurrent.CompletableFuture@3c62ae9e[Completed normally],
	uri=ws://localhost:62790/devtools/browser/82fd942c-4ac7-42d8-871b-b335b8e4cda3,
	keepAlive=true,
	redirectCount=0,
	timeoutsHolder=null,
	inAuth=0,
	touch=1681243483440}
[DEBUG] Closing Channel [id: 0x6f434886, L:/127.0.0.1:62815 ! R:localhost/127.0.0.1:62790] 
[DEBUG] Using pooled Channel '[id: 0xa67c5c4f, L:/127.0.0.1:62777 - R:localhost/127.0.0.1:4213]' for 'DELETE' to 'http://localhost:4213/session/dcd2e67dcc470678dfcec24138b4a06f'
[DEBUG] Using open Channel [id: 0xa67c5c4f, L:/127.0.0.1:62777 - R:localhost/127.0.0.1:4213] for DELETE '/session/dcd2e67dcc470678dfcec24138b4a06f'
[DEBUG] Unexpected I/O exception on channel [id: 0x1e8f8fd4, L:/127.0.0.1:62814 - R:localhost/127.0.0.1:62790]
java.io.IOException: An existing connection was forcibly closed by the remote host
	at sun.nio.ch.SocketDispatcher.read0(Native Method) ~[na:1.8.0_333]
	at sun.nio.ch.SocketDispatcher.read(SocketDispatcher.java:43) ~[na:1.8.0_333]
	at sun.nio.ch.IOUtil.readIntoNativeBuffer(IOUtil.java:223) ~[na:1.8.0_333]
	at sun.nio.ch.IOUtil.read(IOUtil.java:192) ~[na:1.8.0_333]
	at sun.nio.ch.SocketChannelImpl.read(SocketChannelImpl.java:378) ~[na:1.8.0_333]
	at io.netty.buffer.PooledByteBuf.setBytes(PooledByteBuf.java:256) ~[netty-buffer-4.1.90.Final.jar:4.1.90.Final]
	at io.netty.buffer.AbstractByteBuf.writeBytes(AbstractByteBuf.java:1132) ~[netty-buffer-4.1.90.Final.jar:4.1.90.Final]
	at io.netty.channel.socket.nio.NioSocketChannel.doReadBytes(NioSocketChannel.java:357) ~[netty-transport-4.1.90.Final.jar:4.1.90.Final]
	at io.netty.channel.nio.AbstractNioByteChannel$NioByteUnsafe.read(AbstractNioByteChannel.java:151) ~[netty-transport-4.1.90.Final.jar:4.1.90.Final]
	at io.netty.channel.nio.NioEventLoop.processSelectedKey(NioEventLoop.java:788) [netty-transport-4.1.90.Final.jar:4.1.90.Final]
	at io.netty.channel.nio.NioEventLoop.processSelectedKeysOptimized(NioEventLoop.java:724) [netty-transport-4.1.90.Final.jar:4.1.90.Final]
	at io.netty.channel.nio.NioEventLoop.processSelectedKeys(NioEventLoop.java:650) [netty-transport-4.1.90.Final.jar:4.1.90.Final]
	at io.netty.channel.nio.NioEventLoop.run(NioEventLoop.java:562) [netty-transport-4.1.90.Final.jar:4.1.90.Final]
	at io.netty.util.concurrent.SingleThreadEventExecutor$4.run(SingleThreadEventExecutor.java:997) [netty-common-4.1.90.Final.jar:4.1.90.Final]
	at io.netty.util.internal.ThreadExecutorMap$2.run(ThreadExecutorMap.java:74) [netty-common-4.1.90.Final.jar:4.1.90.Final]
	at io.netty.util.concurrent.FastThreadLocalRunnable.run(FastThreadLocalRunnable.java:30) [netty-common-4.1.90.Final.jar:4.1.90.Final]
	at java.lang.Thread.run(Thread.java:750) [na:1.8.0_333]
[DEBUG] Closing Channel [id: 0x1e8f8fd4, L:/127.0.0.1:62814 - R:localhost/127.0.0.1:62790] 
[DEBUG] Channel Closed: [id: 0x1e8f8fd4, L:/127.0.0.1:62814 ! R:localhost/127.0.0.1:62790] with attribute DISCARD
[DEBUG] 

Request DefaultFullHttpRequest(decodeResult: success, version: HTTP/1.1, content: EmptyByteBufBE)
DELETE /session/dcd2e67dcc470678dfcec24138b4a06f HTTP/1.1
User-Agent: selenium/4.8.2 (java windows)
Content-Type: application/json; charset=utf-8
host: localhost:4213
accept: */*

Response DefaultHttpResponse(decodeResult: success, version: HTTP/1.1)
HTTP/1.1 200 OK
Content-Length: 14
Content-Type: application/json; charset=utf-8
cache-control: no-cache

[DEBUG] Adding key: http://localhost:4213 for channel [id: 0xa67c5c4f, L:/127.0.0.1:62777 - R:localhost/127.0.0.1:4213]
[DEBUG] Channel Closed: [id: 0xa67c5c4f, L:/127.0.0.1:62777 ! R:localhost/127.0.0.1:4213] with attribute DISCARD
[DEBUG] Using pooled Channel '[id: 0x0137af47, L:/127.0.0.1:62632 - R:localhost/127.0.0.1:14253]' for 'POST' to 'http://localhost:14253/session/c774ef57a955992f408f614450243168/element'
[DEBUG] Using open Channel [id: 0x0137af47, L:/127.0.0.1:62632 - R:localhost/127.0.0.1:14253] for POST '/session/c774ef57a955992f408f614450243168/element'
[DEBUG] Entry count for : http://localhost:4213 : 1
[DEBUG] Entry count for : http://localhost:3515 : 1
[DEBUG] Entry count for : http://localhost:62560 : 1
[DEBUG] Entry count for : http://localhost:62790 : 1
[DEBUG] Entry count for : http://localhost:62515 : 1
[DEBUG] Entry count for : http://localhost:62636 : 1
[DEBUG] Entry count for : http://localhost:30683 : 1
[DEBUG] Adding Candidate expired Channel [id: 0xa67c5c4f, L:/127.0.0.1:62777 ! R:localhost/127.0.0.1:4213] isIdleTimeoutExpired=false isRemotelyClosed=true isTtlExpired=false
[DEBUG] Closing Idle Channel [id: 0xa67c5c4f, L:/127.0.0.1:62777 ! R:localhost/127.0.0.1:4213]
[DEBUG] Adding Candidate expired Channel [id: 0x1e8f8fd4, L:/127.0.0.1:62814 ! R:localhost/127.0.0.1:62790] isIdleTimeoutExpired=false isRemotelyClosed=true isTtlExpired=false
[DEBUG] Closing Idle Channel [id: 0x1e8f8fd4, L:/127.0.0.1:62814 ! R:localhost/127.0.0.1:62790]
[DEBUG] Closed 2 connections out of 7 in 1 ms
[DEBUG] 

Request DefaultHttpRequest(decodeResult: success, version: HTTP/1.1)
POST /session/c774ef57a955992f408f614450243168/element HTTP/1.1
User-Agent: selenium/4.8.2 (java windows)
Content-Length: 48
Content-Type: application/json; charset=utf-8
host: localhost:14253
accept: */*

Response DefaultHttpResponse(decodeResult: success, version: HTTP/1.1)
HTTP/1.1 200 OK
Content-Length: 88
Content-Type: application/json; charset=utf-8
cache-control: no-cache

[DEBUG] Adding key: http://localhost:14253 for channel [id: 0x0137af47, L:/127.0.0.1:62632 - R:localhost/127.0.0.1:14253]
[DEBUG] Using pooled Channel '[id: 0x0137af47, L:/127.0.0.1:62632 - R:localhost/127.0.0.1:14253]' for 'POST' to 'http://localhost:14253/session/c774ef57a955992f408f614450243168/element/9ce34f9b-f9ce-4153-a6ef-7600b96661e5/click'
[DEBUG] Using open Channel [id: 0x0137af47, L:/127.0.0.1:62632 - R:localhost/127.0.0.1:14253] for POST '/session/c774ef57a955992f408f614450243168/element/9ce34f9b-f9ce-4153-a6ef-7600b96661e5/click'
[DEBUG] Entry count for : http://localhost:3515 : 1
[DEBUG] Entry count for : http://localhost:62560 : 1
[DEBUG] Entry count for : http://localhost:62515 : 1
[DEBUG] Entry count for : http://localhost:62636 : 1
[DEBUG] Entry count for : http://localhost:30683 : 1
[DEBUG] 

Request DefaultHttpRequest(decodeResult: success, version: HTTP/1.1)
POST /session/c774ef57a955992f408f614450243168/element/9ce34f9b-f9ce-4153-a6ef-7600b96661e5/click HTTP/1.1
User-Agent: selenium/4.8.2 (java windows)
Content-Length: 50
Content-Type: application/json; charset=utf-8
host: localhost:14253
accept: */*

Response DefaultHttpResponse(decodeResult: success, version: HTTP/1.1)
HTTP/1.1 200 OK
Content-Length: 14
Content-Type: application/json; charset=utf-8
cache-control: no-cache

[DEBUG] Adding key: http://localhost:14253 for channel [id: 0x0137af47, L:/127.0.0.1:62632 - R:localhost/127.0.0.1:14253]
[DEBUG] Using pooled Channel '[id: 0x0137af47, L:/127.0.0.1:62632 - R:localhost/127.0.0.1:14253]' for 'POST' to 'http://localhost:14253/session/c774ef57a955992f408f614450243168/element'
[DEBUG] Using open Channel [id: 0x0137af47, L:/127.0.0.1:62632 - R:localhost/127.0.0.1:14253] for POST '/session/c774ef57a955992f408f614450243168/element'
[DEBUG] 

Request DefaultHttpRequest(decodeResult: success, version: HTTP/1.1)
POST /session/c774ef57a955992f408f614450243168/element HTTP/1.1
User-Agent: selenium/4.8.2 (java windows)
Content-Length: 55
Content-Type: application/json; charset=utf-8
host: localhost:14253
accept: */*

Response DefaultHttpResponse(decodeResult: success, version: HTTP/1.1)
HTTP/1.1 200 OK
Content-Length: 88
Content-Type: application/json; charset=utf-8
cache-control: no-cache

[DEBUG] Adding key: http://localhost:14253 for channel [id: 0x0137af47, L:/127.0.0.1:62632 - R:localhost/127.0.0.1:14253]
[DEBUG] Using pooled Channel '[id: 0x0137af47, L:/127.0.0.1:62632 - R:localhost/127.0.0.1:14253]' for 'POST' to 'http://localhost:14253/session/c774ef57a955992f408f614450243168/execute/sync'
[DEBUG] Using open Channel [id: 0x0137af47, L:/127.0.0.1:62632 - R:localhost/127.0.0.1:14253] for POST '/session/c774ef57a955992f408f614450243168/execute/sync'
[DEBUG] Entry count for : http://localhost:3515 : 1
[DEBUG] Entry count for : http://localhost:62560 : 1
[DEBUG] Entry count for : http://localhost:62515 : 1
[DEBUG] Entry count for : http://localhost:62636 : 1
[DEBUG] Entry count for : http://localhost:30683 : 1
[DEBUG] 

Request DefaultHttpRequest(decodeResult: success, version: HTTP/1.1)
POST /session/c774ef57a955992f408f614450243168/execute/sync HTTP/1.1
User-Agent: selenium/4.8.2 (java windows)
Content-Length: 48807
Content-Type: application/json; charset=utf-8
host: localhost:14253
accept: */*

Response DefaultHttpResponse(decodeResult: success, version: HTTP/1.1)
HTTP/1.1 200 OK
Content-Length: 14
Content-Type: application/json; charset=utf-8
cache-control: no-cache

[DEBUG] Adding key: http://localhost:14253 for channel [id: 0x0137af47, L:/127.0.0.1:62632 - R:localhost/127.0.0.1:14253]
]]></system-out>
  </testcase>
  <testcase name="logInWithValidCredentials[chowdhurygs@rediffmail.com, Shajlee1@](1)" classname="com.qa.hybridrediff.testcases.Hybrid_LoginTests" time="5.551">
    <system-out><![CDATA[[DEBUG] Channel Closed: [id: 0x83f6b4ed, L:/127.0.0.1:62660 ! R:localhost/127.0.0.1:62636] with attribute NettyResponseFuture{currentRetry=0,
	isDone=1,
	isCancelled=0,
	asyncHandler=org.asynchttpclient.ws.WebSocketUpgradeHandler@bd1d6a6,
	nettyRequest=org.asynchttpclient.netty.request.NettyRequest@4ed359b8,
	future=java.util.concurrent.CompletableFuture@2d89ab9[Completed normally],
	uri=ws://localhost:62636/devtools/browser/0a133362-0284-49d4-b884-85430ff8a5e0,
	keepAlive=true,
	redirectCount=0,
	timeoutsHolder=null,
	inAuth=0,
	touch=1681243479630}
[DEBUG] Closing Channel [id: 0x83f6b4ed, L:/127.0.0.1:62660 ! R:localhost/127.0.0.1:62636] 
[DEBUG] Using pooled Channel '[id: 0x0137af47, L:/127.0.0.1:62632 - R:localhost/127.0.0.1:14253]' for 'DELETE' to 'http://localhost:14253/session/c774ef57a955992f408f614450243168'
[DEBUG] Using open Channel [id: 0x0137af47, L:/127.0.0.1:62632 - R:localhost/127.0.0.1:14253] for DELETE '/session/c774ef57a955992f408f614450243168'
[DEBUG] Unexpected I/O exception on channel [id: 0x08503591, L:/127.0.0.1:62659 - R:localhost/127.0.0.1:62636]
java.io.IOException: An existing connection was forcibly closed by the remote host
	at sun.nio.ch.SocketDispatcher.read0(Native Method) ~[na:1.8.0_333]
	at sun.nio.ch.SocketDispatcher.read(SocketDispatcher.java:43) ~[na:1.8.0_333]
	at sun.nio.ch.IOUtil.readIntoNativeBuffer(IOUtil.java:223) ~[na:1.8.0_333]
	at sun.nio.ch.IOUtil.read(IOUtil.java:192) ~[na:1.8.0_333]
	at sun.nio.ch.SocketChannelImpl.read(SocketChannelImpl.java:378) ~[na:1.8.0_333]
	at io.netty.buffer.PooledByteBuf.setBytes(PooledByteBuf.java:256) ~[netty-buffer-4.1.90.Final.jar:4.1.90.Final]
	at io.netty.buffer.AbstractByteBuf.writeBytes(AbstractByteBuf.java:1132) ~[netty-buffer-4.1.90.Final.jar:4.1.90.Final]
	at io.netty.channel.socket.nio.NioSocketChannel.doReadBytes(NioSocketChannel.java:357) ~[netty-transport-4.1.90.Final.jar:4.1.90.Final]
	at io.netty.channel.nio.AbstractNioByteChannel$NioByteUnsafe.read(AbstractNioByteChannel.java:151) ~[netty-transport-4.1.90.Final.jar:4.1.90.Final]
	at io.netty.channel.nio.NioEventLoop.processSelectedKey(NioEventLoop.java:788) [netty-transport-4.1.90.Final.jar:4.1.90.Final]
	at io.netty.channel.nio.NioEventLoop.processSelectedKeysOptimized(NioEventLoop.java:724) [netty-transport-4.1.90.Final.jar:4.1.90.Final]
	at io.netty.channel.nio.NioEventLoop.processSelectedKeys(NioEventLoop.java:650) [netty-transport-4.1.90.Final.jar:4.1.90.Final]
	at io.netty.channel.nio.NioEventLoop.run(NioEventLoop.java:562) [netty-transport-4.1.90.Final.jar:4.1.90.Final]
	at io.netty.util.concurrent.SingleThreadEventExecutor$4.run(SingleThreadEventExecutor.java:997) [netty-common-4.1.90.Final.jar:4.1.90.Final]
	at io.netty.util.internal.ThreadExecutorMap$2.run(ThreadExecutorMap.java:74) [netty-common-4.1.90.Final.jar:4.1.90.Final]
	at io.netty.util.concurrent.FastThreadLocalRunnable.run(FastThreadLocalRunnable.java:30) [netty-common-4.1.90.Final.jar:4.1.90.Final]
	at java.lang.Thread.run(Thread.java:750) [na:1.8.0_333]
[DEBUG] Closing Channel [id: 0x08503591, L:/127.0.0.1:62659 - R:localhost/127.0.0.1:62636] 
[DEBUG] Channel Closed: [id: 0x08503591, L:/127.0.0.1:62659 ! R:localhost/127.0.0.1:62636] with attribute DISCARD
[DEBUG] 

Request DefaultFullHttpRequest(decodeResult: success, version: HTTP/1.1, content: EmptyByteBufBE)
DELETE /session/c774ef57a955992f408f614450243168 HTTP/1.1
User-Agent: selenium/4.8.2 (java windows)
Content-Type: application/json; charset=utf-8
host: localhost:14253
accept: */*

Response DefaultHttpResponse(decodeResult: success, version: HTTP/1.1)
HTTP/1.1 200 OK
Content-Length: 14
Content-Type: application/json; charset=utf-8
cache-control: no-cache

[DEBUG] Adding key: http://localhost:14253 for channel [id: 0x0137af47, L:/127.0.0.1:62632 - R:localhost/127.0.0.1:14253]
[DEBUG] Channel Closed: [id: 0x0137af47, L:/127.0.0.1:62632 ! R:localhost/127.0.0.1:14253] with attribute DISCARD
[DEBUG] Entry count for : http://localhost:3515 : 1
[DEBUG] Entry count for : http://localhost:62560 : 1
[DEBUG] Entry count for : http://localhost:62515 : 1
[DEBUG] Entry count for : http://localhost:62636 : 1
[DEBUG] Entry count for : http://localhost:14253 : 1
[DEBUG] Entry count for : http://localhost:30683 : 1
[DEBUG] Adding Candidate expired Channel [id: 0x08503591, L:/127.0.0.1:62659 ! R:localhost/127.0.0.1:62636] isIdleTimeoutExpired=false isRemotelyClosed=true isTtlExpired=false
[DEBUG] Closing Idle Channel [id: 0x08503591, L:/127.0.0.1:62659 ! R:localhost/127.0.0.1:62636]
[DEBUG] Adding Candidate expired Channel [id: 0x0137af47, L:/127.0.0.1:62632 ! R:localhost/127.0.0.1:14253] isIdleTimeoutExpired=false isRemotelyClosed=true isTtlExpired=false
[DEBUG] Closing Idle Channel [id: 0x0137af47, L:/127.0.0.1:62632 ! R:localhost/127.0.0.1:14253]
[DEBUG] Closed 2 connections out of 6 in 0 ms
[DEBUG] Entry count for : http://localhost:3515 : 1
[DEBUG] Entry count for : http://localhost:62560 : 1
[DEBUG] Entry count for : http://localhost:62515 : 1
[DEBUG] Entry count for : http://localhost:30683 : 1
[DEBUG] Using new Channel '[id: 0x932154d8, L:/127.0.0.1:62913 - R:localhost/127.0.0.1:28200]' for 'POST' to '/session'
[DEBUG] Entry count for : http://localhost:3515 : 1
[DEBUG] Entry count for : http://localhost:62560 : 1
[DEBUG] Entry count for : http://localhost:62515 : 1
[DEBUG] Entry count for : http://localhost:30683 : 1
[DEBUG] 

Request DefaultHttpRequest(decodeResult: success, version: HTTP/1.1)
POST /session HTTP/1.1
User-Agent: selenium/4.8.2 (java windows)
Content-Length: 621
Content-Type: application/json; charset=utf-8
host: localhost:28200
accept: */*

Response DefaultHttpResponse(decodeResult: success, version: HTTP/1.1)
HTTP/1.1 200 OK
Content-Length: 858
Content-Type: application/json; charset=utf-8
cache-control: no-cache

[DEBUG] Adding key: http://localhost:28200 for channel [id: 0x932154d8, L:/127.0.0.1:62913 - R:localhost/127.0.0.1:28200]
[DEBUG] Using new Channel '[id: 0x0247adf9, L:/127.0.0.1:62919 - R:localhost/127.0.0.1:62914]' for 'GET' to '/json/version'
[DEBUG] 

Request DefaultFullHttpRequest(decodeResult: success, version: HTTP/1.1, content: EmptyByteBufBE)
GET /json/version HTTP/1.1
User-Agent: selenium/4.8.2 (java windows)
host: localhost:62914
accept: */*

Response DefaultHttpResponse(decodeResult: success, version: HTTP/1.1)
HTTP/1.1 200 OK
Content-Security-Policy: frame-ancestors 'none'
Content-Length: 422
Content-Type: application/json; charset=UTF-8

[DEBUG] Adding key: http://localhost:62914 for channel [id: 0x0247adf9, L:/127.0.0.1:62919 - R:localhost/127.0.0.1:62914]
[DEBUG] Using new Channel '[id: 0x7d32849c, L:/127.0.0.1:62920 - R:localhost/127.0.0.1:62914]' for 'GET' to '/devtools/browser/b599de2b-a30c-4785-9ad0-656dd5145f33'
[DEBUG] 

Request DefaultFullHttpRequest(decodeResult: success, version: HTTP/1.1, content: EmptyByteBufBE)
GET /devtools/browser/b599de2b-a30c-4785-9ad0-656dd5145f33 HTTP/1.1
upgrade: websocket
connection: upgrade
sec-websocket-key: 2xhc/AmX/gmY3uu+nCJBWQ==
sec-websocket-version: 13
origin: http://localhost:62914
host: localhost:62914
accept: */*
user-agent: AHC/2.1

Response DefaultHttpResponse(decodeResult: success, version: HTTP/1.1)
HTTP/1.1 101 WebSocket Protocol Handshake
Upgrade: WebSocket
Connection: Upgrade
Sec-WebSocket-Accept: IKctmzFjSwfo7ouZB67e9XWl1w8=

[DEBUG] Using pooled Channel '[id: 0x932154d8, L:/127.0.0.1:62913 - R:localhost/127.0.0.1:28200]' for 'POST' to 'http://localhost:28200/session/1f260b1d6693cd3f269f448d3d8dc975/url'
[DEBUG] Using open Channel [id: 0x932154d8, L:/127.0.0.1:62913 - R:localhost/127.0.0.1:28200] for POST '/session/1f260b1d6693cd3f269f448d3d8dc975/url'
[DEBUG] 

Request DefaultHttpRequest(decodeResult: success, version: HTTP/1.1)
POST /session/1f260b1d6693cd3f269f448d3d8dc975/url HTTP/1.1
User-Agent: selenium/4.8.2 (java windows)
Content-Length: 53
Content-Type: application/json; charset=utf-8
host: localhost:28200
accept: */*

Response DefaultHttpResponse(decodeResult: success, version: HTTP/1.1)
HTTP/1.1 200 OK
Content-Length: 14
Content-Type: application/json; charset=utf-8
cache-control: no-cache

[DEBUG] Adding key: http://localhost:28200 for channel [id: 0x932154d8, L:/127.0.0.1:62913 - R:localhost/127.0.0.1:28200]
[DEBUG] Using pooled Channel '[id: 0x932154d8, L:/127.0.0.1:62913 - R:localhost/127.0.0.1:28200]' for 'POST' to 'http://localhost:28200/session/1f260b1d6693cd3f269f448d3d8dc975/window/maximize'
[DEBUG] Using open Channel [id: 0x932154d8, L:/127.0.0.1:62913 - R:localhost/127.0.0.1:28200] for POST '/session/1f260b1d6693cd3f269f448d3d8dc975/window/maximize'
[DEBUG] 

Request DefaultHttpRequest(decodeResult: success, version: HTTP/1.1)
POST /session/1f260b1d6693cd3f269f448d3d8dc975/window/maximize HTTP/1.1
User-Agent: selenium/4.8.2 (java windows)
Content-Length: 3
Content-Type: application/json; charset=utf-8
host: localhost:28200
accept: */*

Response DefaultHttpResponse(decodeResult: success, version: HTTP/1.1)
HTTP/1.1 200 OK
Content-Length: 51
Content-Type: application/json; charset=utf-8
cache-control: no-cache

[DEBUG] Adding key: http://localhost:28200 for channel [id: 0x932154d8, L:/127.0.0.1:62913 - R:localhost/127.0.0.1:28200]
[DEBUG] Using pooled Channel '[id: 0x932154d8, L:/127.0.0.1:62913 - R:localhost/127.0.0.1:28200]' for 'DELETE' to 'http://localhost:28200/session/1f260b1d6693cd3f269f448d3d8dc975/cookie'
[DEBUG] Using open Channel [id: 0x932154d8, L:/127.0.0.1:62913 - R:localhost/127.0.0.1:28200] for DELETE '/session/1f260b1d6693cd3f269f448d3d8dc975/cookie'
[DEBUG] 

Request DefaultFullHttpRequest(decodeResult: success, version: HTTP/1.1, content: EmptyByteBufBE)
DELETE /session/1f260b1d6693cd3f269f448d3d8dc975/cookie HTTP/1.1
User-Agent: selenium/4.8.2 (java windows)
Content-Type: application/json; charset=utf-8
host: localhost:28200
accept: */*

Response DefaultHttpResponse(decodeResult: success, version: HTTP/1.1)
HTTP/1.1 200 OK
Content-Length: 14
Content-Type: application/json; charset=utf-8
cache-control: no-cache

[DEBUG] Adding key: http://localhost:28200 for channel [id: 0x932154d8, L:/127.0.0.1:62913 - R:localhost/127.0.0.1:28200]
[DEBUG] Using pooled Channel '[id: 0x932154d8, L:/127.0.0.1:62913 - R:localhost/127.0.0.1:28200]' for 'POST' to 'http://localhost:28200/session/1f260b1d6693cd3f269f448d3d8dc975/timeouts'
[DEBUG] Using open Channel [id: 0x932154d8, L:/127.0.0.1:62913 - R:localhost/127.0.0.1:28200] for POST '/session/1f260b1d6693cd3f269f448d3d8dc975/timeouts'
[DEBUG] 

Request DefaultHttpRequest(decodeResult: success, version: HTTP/1.1)
POST /session/1f260b1d6693cd3f269f448d3d8dc975/timeouts HTTP/1.1
User-Agent: selenium/4.8.2 (java windows)
Content-Length: 23
Content-Type: application/json; charset=utf-8
host: localhost:28200
accept: */*

Response DefaultHttpResponse(decodeResult: success, version: HTTP/1.1)
HTTP/1.1 200 OK
Content-Length: 14
Content-Type: application/json; charset=utf-8
cache-control: no-cache

[DEBUG] Adding key: http://localhost:28200 for channel [id: 0x932154d8, L:/127.0.0.1:62913 - R:localhost/127.0.0.1:28200]
[DEBUG] Using pooled Channel '[id: 0x932154d8, L:/127.0.0.1:62913 - R:localhost/127.0.0.1:28200]' for 'POST' to 'http://localhost:28200/session/1f260b1d6693cd3f269f448d3d8dc975/timeouts'
[...]
[DEBUG] Using pooled Channel '[id: 0x7d04180d, L:/127.0.0.1:63531 - R:localhost/127.0.0.1:2978]' for 'POST' to 'http://localhost:2978/session/0cdc34614b3630f5d4910bfa97852f9b/element'
[DEBUG] Using open Channel [id: 0x7d04180d, L:/127.0.0.1:63531 - R:localhost/127.0.0.1:2978] for POST '/session/0cdc34614b3630f5d4910bfa97852f9b/element'
[DEBUG] 

Request DefaultHttpRequest(decodeResult: success, version: HTTP/1.1)
POST /session/0cdc34614b3630f5d4910bfa97852f9b/element HTTP/1.1
User-Agent: selenium/4.8.2 (java windows)
Content-Length: 46
Content-Type: application/json; charset=utf-8
host: localhost:2978
accept: */*

Response DefaultHttpResponse(decodeResult: success, version: HTTP/1.1)
HTTP/1.1 200 OK
Content-Length: 88
Content-Type: application/json; charset=utf-8
cache-control: no-cache

[DEBUG] Adding key: http://localhost:2978 for channel [id: 0x7d04180d, L:/127.0.0.1:63531 - R:localhost/127.0.0.1:2978]
[DEBUG] Using pooled Channel '[id: 0x7d04180d, L:/127.0.0.1:63531 - R:localhost/127.0.0.1:2978]' for 'POST' to 'http://localhost:2978/session/0cdc34614b3630f5d4910bfa97852f9b/element/3096f733-da84-421f-999d-ed21694adb7c/click'
[DEBUG] Using open Channel [id: 0x7d04180d, L:/127.0.0.1:63531 - R:localhost/127.0.0.1:2978] for POST '/session/0cdc34614b3630f5d4910bfa97852f9b/element/3096f733-da84-421f-999d-ed21694adb7c/click'
[DEBUG] Entry count for : http://localhost:63532 : 1
[DEBUG] 

Request DefaultHttpRequest(decodeResult: success, version: HTTP/1.1)
POST /session/0cdc34614b3630f5d4910bfa97852f9b/element/3096f733-da84-421f-999d-ed21694adb7c/click HTTP/1.1
User-Agent: selenium/4.8.2 (java windows)
Content-Length: 50
Content-Type: application/json; charset=utf-8
host: localhost:2978
accept: */*

Response DefaultHttpResponse(decodeResult: success, version: HTTP/1.1)
HTTP/1.1 200 OK
Content-Length: 14
Content-Type: application/json; charset=utf-8
cache-control: no-cache

[DEBUG] Adding key: http://localhost:2978 for channel [id: 0x7d04180d, L:/127.0.0.1:63531 - R:localhost/127.0.0.1:2978]
[DEBUG] Using pooled Channel '[id: 0x7d04180d, L:/127.0.0.1:63531 - R:localhost/127.0.0.1:2978]' for 'POST' to 'http://localhost:2978/session/0cdc34614b3630f5d4910bfa97852f9b/element'
[DEBUG] Using open Channel [id: 0x7d04180d, L:/127.0.0.1:63531 - R:localhost/127.0.0.1:2978] for POST '/session/0cdc34614b3630f5d4910bfa97852f9b/element'
[DEBUG] 

Request DefaultHttpRequest(decodeResult: success, version: HTTP/1.1)
POST /session/0cdc34614b3630f5d4910bfa97852f9b/element HTTP/1.1
User-Agent: selenium/4.8.2 (java windows)
Content-Length: 61
Content-Type: application/json; charset=utf-8
host: localhost:2978
accept: */*

Response DefaultHttpResponse(decodeResult: success, version: HTTP/1.1)
HTTP/1.1 200 OK
Content-Length: 88
Content-Type: application/json; charset=utf-8
cache-control: no-cache

[DEBUG] Adding key: http://localhost:2978 for channel [id: 0x7d04180d, L:/127.0.0.1:63531 - R:localhost/127.0.0.1:2978]
[DEBUG] Using pooled Channel '[id: 0x7d04180d, L:/127.0.0.1:63531 - R:localhost/127.0.0.1:2978]' for 'POST' to 'http://localhost:2978/session/0cdc34614b3630f5d4910bfa97852f9b/execute/sync'
[DEBUG] Using open Channel [id: 0x7d04180d, L:/127.0.0.1:63531 - R:localhost/127.0.0.1:2978] for POST '/session/0cdc34614b3630f5d4910bfa97852f9b/execute/sync'
[DEBUG] 

Request DefaultHttpRequest(decodeResult: success, version: HTTP/1.1)
POST /session/0cdc34614b3630f5d4910bfa97852f9b/execute/sync HTTP/1.1
User-Agent: selenium/4.8.2 (java windows)
Content-Length: 48807
Content-Type: application/json; charset=utf-8
host: localhost:2978
accept: */*

Response DefaultHttpResponse(decodeResult: success, version: HTTP/1.1)
HTTP/1.1 200 OK
Content-Length: 14
Content-Type: application/json; charset=utf-8
cache-control: no-cache

[DEBUG] Adding key: http://localhost:2978 for channel [id: 0x7d04180d, L:/127.0.0.1:63531 - R:localhost/127.0.0.1:2978]
[DEBUG] Using pooled Channel '[id: 0x7d04180d, L:/127.0.0.1:63531 - R:localhost/127.0.0.1:2978]' for 'POST' to 'http://localhost:2978/session/0cdc34614b3630f5d4910bfa97852f9b/back'
[DEBUG] Using open Channel [id: 0x7d04180d, L:/127.0.0.1:63531 - R:localhost/127.0.0.1:2978] for POST '/session/0cdc34614b3630f5d4910bfa97852f9b/back'
[DEBUG] 

Request DefaultHttpRequest(decodeResult: success, version: HTTP/1.1)
POST /session/0cdc34614b3630f5d4910bfa97852f9b/back HTTP/1.1
User-Agent: selenium/4.8.2 (java windows)
Content-Length: 3
Content-Type: application/json; charset=utf-8
host: localhost:2978
accept: */*

Response DefaultHttpResponse(decodeResult: success, version: HTTP/1.1)
HTTP/1.1 200 OK
Content-Length: 14
Content-Type: application/json; charset=utf-8
cache-control: no-cache

[DEBUG] Adding key: http://localhost:2978 for channel [id: 0x7d04180d, L:/127.0.0.1:63531 - R:localhost/127.0.0.1:2978]
[DEBUG] Using pooled Channel '[id: 0x7d04180d, L:/127.0.0.1:63531 - R:localhost/127.0.0.1:2978]' for 'POST' to 'http://localhost:2978/session/0cdc34614b3630f5d4910bfa97852f9b/element'
[DEBUG] Using open Channel [id: 0x7d04180d, L:/127.0.0.1:63531 - R:localhost/127.0.0.1:2978] for POST '/session/0cdc34614b3630f5d4910bfa97852f9b/element'
[DEBUG] 

Request DefaultHttpRequest(decodeResult: success, version: HTTP/1.1)
POST /session/0cdc34614b3630f5d4910bfa97852f9b/element HTTP/1.1
User-Agent: selenium/4.8.2 (java windows)
Content-Length: 55
Content-Type: application/json; charset=utf-8
host: localhost:2978
accept: */*

Response DefaultHttpResponse(decodeResult: success, version: HTTP/1.1)
HTTP/1.1 200 OK
Content-Length: 88
Content-Type: application/json; charset=utf-8
cache-control: no-cache

[DEBUG] Adding key: http://localhost:2978 for channel [id: 0x7d04180d, L:/127.0.0.1:63531 - R:localhost/127.0.0.1:2978]
[DEBUG] Using pooled Channel '[id: 0x7d04180d, L:/127.0.0.1:63531 - R:localhost/127.0.0.1:2978]' for 'POST' to 'http://localhost:2978/session/0cdc34614b3630f5d4910bfa97852f9b/element/dff32dc1-5d41-4d0a-b7c4-440746e1365d/click'
[DEBUG] Using open Channel [id: 0x7d04180d, L:/127.0.0.1:63531 - R:localhost/127.0.0.1:2978] for POST '/session/0cdc34614b3630f5d4910bfa97852f9b/element/dff32dc1-5d41-4d0a-b7c4-440746e1365d/click'
[DEBUG] Entry count for : http://localhost:63532 : 1
[DEBUG] Entry count for : http://localhost:63532 : 1
[DEBUG] 

Request DefaultHttpRequest(decodeResult: success, version: HTTP/1.1)
POST /session/0cdc34614b3630f5d4910bfa97852f9b/element/dff32dc1-5d41-4d0a-b7c4-440746e1365d/click HTTP/1.1
User-Agent: selenium/4.8.2 (java windows)
Content-Length: 50
Content-Type: application/json; charset=utf-8
host: localhost:2978
accept: */*

Response DefaultHttpResponse(decodeResult: success, version: HTTP/1.1)
HTTP/1.1 200 OK
Content-Length: 14
Content-Type: application/json; charset=utf-8
cache-control: no-cache

[DEBUG] Adding key: http://localhost:2978 for channel [id: 0x7d04180d, L:/127.0.0.1:63531 - R:localhost/127.0.0.1:2978]
[DEBUG] Using pooled Channel '[id: 0x7d04180d, L:/127.0.0.1:63531 - R:localhost/127.0.0.1:2978]' for 'POST' to 'http://localhost:2978/session/0cdc34614b3630f5d4910bfa97852f9b/element'
[DEBUG] Using open Channel [id: 0x7d04180d, L:/127.0.0.1:63531 - R:localhost/127.0.0.1:2978] for POST '/session/0cdc34614b3630f5d4910bfa97852f9b/element'
[DEBUG] 

Request DefaultHttpRequest(decodeResult: success, version: HTTP/1.1)
POST /session/0cdc34614b3630f5d4910bfa97852f9b/element HTTP/1.1
User-Agent: selenium/4.8.2 (java windows)
Content-Length: 54
Content-Type: application/json; charset=utf-8
host: localhost:2978
accept: */*

Response DefaultHttpResponse(decodeResult: success, version: HTTP/1.1)
HTTP/1.1 200 OK
Content-Length: 88
Content-Type: application/json; charset=utf-8
cache-control: no-cache

[DEBUG] Adding key: http://localhost:2978 for channel [id: 0x7d04180d, L:/127.0.0.1:63531 - R:localhost/127.0.0.1:2978]
[DEBUG] Using pooled Channel '[id: 0x7d04180d, L:/127.0.0.1:63531 - R:localhost/127.0.0.1:2978]' for 'POST' to 'http://localhost:2978/session/0cdc34614b3630f5d4910bfa97852f9b/execute/sync'
[DEBUG] Using open Channel [id: 0x7d04180d, L:/127.0.0.1:63531 - R:localhost/127.0.0.1:2978] for POST '/session/0cdc34614b3630f5d4910bfa97852f9b/execute/sync'
[DEBUG] 

Request DefaultHttpRequest(decodeResult: success, version: HTTP/1.1)
POST /session/0cdc34614b3630f5d4910bfa97852f9b/execute/sync HTTP/1.1
User-Agent: selenium/4.8.2 (java windows)
Content-Length: 48807
Content-Type: application/json; charset=utf-8
host: localhost:2978
accept: */*

Response DefaultHttpResponse(decodeResult: success, version: HTTP/1.1)
HTTP/1.1 200 OK
Content-Length: 14
Content-Type: application/json; charset=utf-8
cache-control: no-cache

[DEBUG] Adding key: http://localhost:2978 for channel [id: 0x7d04180d, L:/127.0.0.1:63531 - R:localhost/127.0.0.1:2978]
[DEBUG] Using pooled Channel '[id: 0x7d04180d, L:/127.0.0.1:63531 - R:localhost/127.0.0.1:2978]' for 'POST' to 'http://localhost:2978/session/0cdc34614b3630f5d4910bfa97852f9b/back'
[DEBUG] Using open Channel [id: 0x7d04180d, L:/127.0.0.1:63531 - R:localhost/127.0.0.1:2978] for POST '/session/0cdc34614b3630f5d4910bfa97852f9b/back'
[DEBUG] 

Request DefaultHttpRequest(decodeResult: success, version: HTTP/1.1)
POST /session/0cdc34614b3630f5d4910bfa97852f9b/back HTTP/1.1
User-Agent: selenium/4.8.2 (java windows)
Content-Length: 3
Content-Type: application/json; charset=utf-8
host: localhost:2978
accept: */*

Response DefaultHttpResponse(decodeResult: success, version: HTTP/1.1)
HTTP/1.1 200 OK
Content-Length: 14
Content-Type: application/json; charset=utf-8
cache-control: no-cache

[DEBUG] Adding key: http://localhost:2978 for channel [id: 0x7d04180d, L:/127.0.0.1:63531 - R:localhost/127.0.0.1:2978]
[DEBUG] Using pooled Channel '[id: 0x7d04180d, L:/127.0.0.1:63531 - R:localhost/127.0.0.1:2978]' for 'POST' to 'http://localhost:2978/session/0cdc34614b3630f5d4910bfa97852f9b/element'
[DEBUG] Using open Channel [id: 0x7d04180d, L:/127.0.0.1:63531 - R:localhost/127.0.0.1:2978] for POST '/session/0cdc34614b3630f5d4910bfa97852f9b/element'
[DEBUG] 

Request DefaultHttpRequest(decodeResult: success, version: HTTP/1.1)
POST /session/0cdc34614b3630f5d4910bfa97852f9b/element HTTP/1.1
User-Agent: selenium/4.8.2 (java windows)
Content-Length: 47
Content-Type: application/json; charset=utf-8
host: localhost:2978
accept: */*

Response DefaultHttpResponse(decodeResult: success, version: HTTP/1.1)
HTTP/1.1 200 OK
Content-Length: 88
Content-Type: application/json; charset=utf-8
cache-control: no-cache

[DEBUG] Adding key: http://localhost:2978 for channel [id: 0x7d04180d, L:/127.0.0.1:63531 - R:localhost/127.0.0.1:2978]
[DEBUG] Using pooled Channel '[id: 0x7d04180d, L:/127.0.0.1:63531 - R:localhost/127.0.0.1:2978]' for 'POST' to 'http://localhost:2978/session/0cdc34614b3630f5d4910bfa97852f9b/element/c7628faf-d82f-419a-b378-bf565ee2c2f1/click'
[DEBUG] Using open Channel [id: 0x7d04180d, L:/127.0.0.1:63531 - R:localhost/127.0.0.1:2978] for POST '/session/0cdc34614b3630f5d4910bfa97852f9b/element/c7628faf-d82f-419a-b378-bf565ee2c2f1/click'
[DEBUG] Entry count for : http://localhost:63532 : 1
[DEBUG] Entry count for : http://localhost:63532 : 1
[DEBUG] 

Request DefaultHttpRequest(decodeResult: success, version: HTTP/1.1)
POST /session/0cdc34614b3630f5d4910bfa97852f9b/element/c7628faf-d82f-419a-b378-bf565ee2c2f1/click HTTP/1.1
User-Agent: selenium/4.8.2 (java windows)
Content-Length: 50
Content-Type: application/json; charset=utf-8
host: localhost:2978
accept: */*

Response DefaultHttpResponse(decodeResult: success, version: HTTP/1.1)
HTTP/1.1 200 OK
Content-Length: 14
Content-Type: application/json; charset=utf-8
cache-control: no-cache

[DEBUG] Adding key: http://localhost:2978 for channel [id: 0x7d04180d, L:/127.0.0.1:63531 - R:localhost/127.0.0.1:2978]
[DEBUG] Using pooled Channel '[id: 0x7d04180d, L:/127.0.0.1:63531 - R:localhost/127.0.0.1:2978]' for 'POST' to 'http://localhost:2978/session/0cdc34614b3630f5d4910bfa97852f9b/element'
[DEBUG] Using open Channel [id: 0x7d04180d, L:/127.0.0.1:63531 - R:localhost/127.0.0.1:2978] for POST '/session/0cdc34614b3630f5d4910bfa97852f9b/element'
[DEBUG] 

Request DefaultHttpRequest(decodeResult: success, version: HTTP/1.1)
POST /session/0cdc34614b3630f5d4910bfa97852f9b/element HTTP/1.1
User-Agent: selenium/4.8.2 (java windows)
Content-Length: 70
Content-Type: application/json; charset=utf-8
host: localhost:2978
accept: */*

Response DefaultHttpResponse(decodeResult: success, version: HTTP/1.1)
HTTP/1.1 200 OK
Content-Length: 88
Content-Type: application/json; charset=utf-8
cache-control: no-cache

[DEBUG] Adding key: http://localhost:2978 for channel [id: 0x7d04180d, L:/127.0.0.1:63531 - R:localhost/127.0.0.1:2978]
[DEBUG] Using pooled Channel '[id: 0x7d04180d, L:/127.0.0.1:63531 - R:localhost/127.0.0.1:2978]' for 'POST' to 'http://localhost:2978/session/0cdc34614b3630f5d4910bfa97852f9b/execute/sync'
[DEBUG] Using open Channel [id: 0x7d04180d, L:/127.0.0.1:63531 - R:localhost/127.0.0.1:2978] for POST '/session/0cdc34614b3630f5d4910bfa97852f9b/execute/sync'
[DEBUG] 

Request DefaultHttpRequest(decodeResult: success, version: HTTP/1.1)
POST /session/0cdc34614b3630f5d4910bfa97852f9b/execute/sync HTTP/1.1
User-Agent: selenium/4.8.2 (java windows)
Content-Length: 48807
Content-Type: application/json; charset=utf-8
host: localhost:2978
accept: */*

Response DefaultHttpResponse(decodeResult: success, version: HTTP/1.1)
HTTP/1.1 200 OK
Content-Length: 14
Content-Type: application/json; charset=utf-8
cache-control: no-cache

[DEBUG] Adding key: http://localhost:2978 for channel [id: 0x7d04180d, L:/127.0.0.1:63531 - R:localhost/127.0.0.1:2978]
[DEBUG] Using pooled Channel '[id: 0x7d04180d, L:/127.0.0.1:63531 - R:localhost/127.0.0.1:2978]' for 'POST' to 'http://localhost:2978/session/0cdc34614b3630f5d4910bfa97852f9b/back'
[DEBUG] Using open Channel [id: 0x7d04180d, L:/127.0.0.1:63531 - R:localhost/127.0.0.1:2978] for POST '/session/0cdc34614b3630f5d4910bfa97852f9b/back'
[DEBUG] 

Request DefaultHttpRequest(decodeResult: success, version: HTTP/1.1)
POST /session/0cdc34614b3630f5d4910bfa97852f9b/back HTTP/1.1
User-Agent: selenium/4.8.2 (java windows)
Content-Length: 3
Content-Type: application/json; charset=utf-8
host: localhost:2978
accept: */*

Response DefaultHttpResponse(decodeResult: success, version: HTTP/1.1)
HTTP/1.1 200 OK
Content-Length: 14
Content-Type: application/json; charset=utf-8
cache-control: no-cache

[DEBUG] Adding key: http://localhost:2978 for channel [id: 0x7d04180d, L:/127.0.0.1:63531 - R:localhost/127.0.0.1:2978]
[DEBUG] Using pooled Channel '[id: 0x7d04180d, L:/127.0.0.1:63531 - R:localhost/127.0.0.1:2978]' for 'POST' to 'http://localhost:2978/session/0cdc34614b3630f5d4910bfa97852f9b/element'
[DEBUG] Using open Channel [id: 0x7d04180d, L:/127.0.0.1:63531 - R:localhost/127.0.0.1:2978] for POST '/session/0cdc34614b3630f5d4910bfa97852f9b/element'
[DEBUG] 

Request DefaultHttpRequest(decodeResult: success, version: HTTP/1.1)
POST /session/0cdc34614b3630f5d4910bfa97852f9b/element HTTP/1.1
User-Agent: selenium/4.8.2 (java windows)
Content-Length: 49
Content-Type: application/json; charset=utf-8
host: localhost:2978
accept: */*

Response DefaultHttpResponse(decodeResult: success, version: HTTP/1.1)
HTTP/1.1 200 OK
Content-Length: 88
Content-Type: application/json; charset=utf-8
cache-control: no-cache

[DEBUG] Adding key: http://localhost:2978 for channel [id: 0x7d04180d, L:/127.0.0.1:63531 - R:localhost/127.0.0.1:2978]
[DEBUG] Using pooled Channel '[id: 0x7d04180d, L:/127.0.0.1:63531 - R:localhost/127.0.0.1:2978]' for 'POST' to 'http://localhost:2978/session/0cdc34614b3630f5d4910bfa97852f9b/element/526e379e-bf53-43de-ad93-c93d41e48ccd/click'
[DEBUG] Using open Channel [id: 0x7d04180d, L:/127.0.0.1:63531 - R:localhost/127.0.0.1:2978] for POST '/session/0cdc34614b3630f5d4910bfa97852f9b/element/526e379e-bf53-43de-ad93-c93d41e48ccd/click'
[DEBUG] Entry count for : http://localhost:63532 : 1
[DEBUG] Entry count for : http://localhost:63532 : 1
[DEBUG] Entry count for : http://localhost:63532 : 1
[DEBUG] 

Request DefaultHttpRequest(decodeResult: success, version: HTTP/1.1)
POST /session/0cdc34614b3630f5d4910bfa97852f9b/element/526e379e-bf53-43de-ad93-c93d41e48ccd/click HTTP/1.1
User-Agent: selenium/4.8.2 (java windows)
Content-Length: 50
Content-Type: application/json; charset=utf-8
host: localhost:2978
accept: */*

Response DefaultHttpResponse(decodeResult: success, version: HTTP/1.1)
HTTP/1.1 200 OK
Content-Length: 14
Content-Type: application/json; charset=utf-8
cache-control: no-cache

[DEBUG] Adding key: http://localhost:2978 for channel [id: 0x7d04180d, L:/127.0.0.1:63531 - R:localhost/127.0.0.1:2978]
[DEBUG] Using pooled Channel '[id: 0x7d04180d, L:/127.0.0.1:63531 - R:localhost/127.0.0.1:2978]' for 'POST' to 'http://localhost:2978/session/0cdc34614b3630f5d4910bfa97852f9b/element'
[DEBUG] Using open Channel [id: 0x7d04180d, L:/127.0.0.1:63531 - R:localhost/127.0.0.1:2978] for POST '/session/0cdc34614b3630f5d4910bfa97852f9b/element'
[DEBUG] 

Request DefaultHttpRequest(decodeResult: success, version: HTTP/1.1)
POST /session/0cdc34614b3630f5d4910bfa97852f9b/element HTTP/1.1
User-Agent: selenium/4.8.2 (java windows)
Content-Length: 68
Content-Type: application/json; charset=utf-8
host: localhost:2978
accept: */*

Response DefaultHttpResponse(decodeResult: success, version: HTTP/1.1)
HTTP/1.1 200 OK
Content-Length: 88
Content-Type: application/json; charset=utf-8
cache-control: no-cache

[DEBUG] Adding key: http://localhost:2978 for channel [id: 0x7d04180d, L:/127.0.0.1:63531 - R:localhost/127.0.0.1:2978]
[DEBUG] Using pooled Channel '[id: 0x7d04180d, L:/127.0.0.1:63531 - R:localhost/127.0.0.1:2978]' for 'POST' to 'http://localhost:2978/session/0cdc34614b3630f5d4910bfa97852f9b/execute/sync'
[DEBUG] Using open Channel [id: 0x7d04180d, L:/127.0.0.1:63531 - R:localhost/127.0.0.1:2978] for POST '/session/0cdc34614b3630f5d4910bfa97852f9b/execute/sync'
[DEBUG] 

Request DefaultHttpRequest(decodeResult: success, version: HTTP/1.1)
POST /session/0cdc34614b3630f5d4910bfa97852f9b/execute/sync HTTP/1.1
User-Agent: selenium/4.8.2 (java windows)
Content-Length: 48807
Content-Type: application/json; charset=utf-8
host: localhost:2978
accept: */*

Response DefaultHttpResponse(decodeResult: success, version: HTTP/1.1)
HTTP/1.1 200 OK
Content-Length: 14
Content-Type: application/json; charset=utf-8
cache-control: no-cache

[DEBUG] Adding key: http://localhost:2978 for channel [id: 0x7d04180d, L:/127.0.0.1:63531 - R:localhost/127.0.0.1:2978]
[DEBUG] Using pooled Channel '[id: 0x7d04180d, L:/127.0.0.1:63531 - R:localhost/127.0.0.1:2978]' for 'POST' to 'http://localhost:2978/session/0cdc34614b3630f5d4910bfa97852f9b/back'
[DEBUG] Using open Channel [id: 0x7d04180d, L:/127.0.0.1:63531 - R:localhost/127.0.0.1:2978] for POST '/session/0cdc34614b3630f5d4910bfa97852f9b/back'
[DEBUG] 

Request DefaultHttpRequest(decodeResult: success, version: HTTP/1.1)
POST /session/0cdc34614b3630f5d4910bfa97852f9b/back HTTP/1.1
User-Agent: selenium/4.8.2 (java windows)
Content-Length: 3
Content-Type: application/json; charset=utf-8
host: localhost:2978
accept: */*

Response DefaultHttpResponse(decodeResult: success, version: HTTP/1.1)
HTTP/1.1 200 OK
Content-Length: 14
Content-Type: application/json; charset=utf-8
cache-control: no-cache

[DEBUG] Adding key: http://localhost:2978 for channel [id: 0x7d04180d, L:/127.0.0.1:63531 - R:localhost/127.0.0.1:2978]
]]></system-out>
    <system-err><![CDATA[Starting ChromeDriver 112.0.5615.49 (bd2a7bcb881c11e8cfe3078709382934e3916914-refs/branch-heads/5615@{#936}) on port 2978
Only local connections are allowed.
Please see https://chromedriver.chromium.org/security-considerations for suggestions on keeping ChromeDriver safe.
ChromeDriver was started successfully.
Apr 11, 2023 1:06:05 PM org.openqa.selenium.devtools.CdpVersionFinder findNearestMatch
WARNING: Unable to find an exact match for CDP version 112, so returning the closest version found: 111
]]></system-err>
  </testcase>
</testsuite>