<?xml version="1.0" encoding="UTF-8"?>
<testng-results ignored="0" total="1" passed="1" failed="0" skipped="0">
  <reporter-output>
  </reporter-output>
  <suite started-at="2023-04-15T12:42:47 PDT" name="Default suite" finished-at="2023-04-15T12:43:51 PDT" duration-ms="64487">
    <groups>
    </groups>
    <test started-at="2023-04-15T12:42:47 PDT" name="Default test" finished-at="2023-04-15T12:43:51 PDT" duration-ms="64487">
      <class name="com.qa.hybridrediff.testcases.Hybrid_CreateAnAccountPageTest1">
        <test-method is-config="true" signature="setUp()[pri:0, instance:com.qa.hybridrediff.testcases.Hybrid_CreateAnAccountPageTest1@1a6d8329]" started-at="2023-04-15T12:42:47 PDT" name="setUp" finished-at="2023-04-15T12:42:56 PDT" duration-ms="9466" status="PASS">
          <reporter-output>
          </reporter-output>
        </test-method> <!-- setUp -->
        <test-method signature="invalidUserCredentials()[pri:1, instance:com.qa.hybridrediff.testcases.Hybrid_CreateAnAccountPageTest1@1a6d8329]" started-at="2023-04-15T12:42:56 PDT" name="invalidUserCredentials" finished-at="2023-04-15T12:43:51 PDT" duration-ms="54984" status="PASS">
          <reporter-output>
          </reporter-output>
        </test-method> <!-- invalidUserCredentials -->
      </class> <!-- com.qa.hybridrediff.testcases.Hybrid_CreateAnAccountPageTest1 -->
    </test> <!-- Default test -->
  </suite> <!-- Default suite -->
</testng-results>
