<?xml version="1.0" encoding="UTF-8"?>
<!-- Generated by org.testng.reporters.JUnitXMLReporter -->
<testsuite hostname="LAPTOP-PLNO5R2G" ignored="0" name="Rediff Hybrid Automation Test" tests="11" failures="0" timestamp="11 Apr 2023 20:06:21 GMT" time="108.108" errors="0">
  <testcase name="validateCurrentUrlAndTitle" time="0.138" classname="com.qa.hybridrediff.testcases.Hybrid_LandingPageTest"/>
  <testcase name="clickOnSignInButton" time="2.22" classname="com.qa.hybridrediff.testcases.Hybrid_SignInLinkTest"/>
  <testcase name="logInWithValidCredentials" time="5.549" classname="com.qa.hybridrediff.testcases.Hybrid_LoginTests"/>
  <testcase name="logInWithValidCredentials" time="3.928" classname="com.qa.hybridrediff.testcases.Hybrid_LoginTests"/>
  <testcase name="logInWithValidCredentials" time="6.169" classname="com.qa.hybridrediff.testcases.Hybrid_LoginTests"/>
  <testcase name="logInWithValidCredentials" time="5.378" classname="com.qa.hybridrediff.testcases.Hybrid_LoginTests"/>
  <testcase name="logInInboxButtonPresence" time="7.318" classname="com.qa.hybridrediff.testcases.Hybrid_InboxPageTest"/>
  <testcase name="logInLogOutLogOutConfirmation" time="11.278" classname="com.qa.hybridrediff.testcases.Hybrid_LogoutTest"/>
  <testcase name="rediffHome" time="12.24" classname="com.qa.hybridrediff.testcases.Hybrid_RediffHomeTest"/>
  <testcase name="rediffLinks" time="11.491" classname="com.qa.hybridrediff.testcases.Hybrid_LinkTest"/>
  <testcase name="signInButtonisDisplayedandEnabled" time="0.098" classname="com.qa.hybridrediff.testcases.Hybrid_LandingPageTest"/>
</testsuite> <!-- Rediff Hybrid Automation Test -->
