<?xml version="1.0" encoding="UTF-8"?>
<!-- Generated by org.testng.reporters.JUnitReportReporter -->
<testsuite hostname="LAPTOP-PLNO5R2G" failures="0" tests="1" name="com.qa.hybridrediff.testcases.Hybrid_SignInLinkTest" time="4.149" errors="0" timestamp="2023-04-15T12:17:57 PDT" skipped="0">
  <testcase classname="com.qa.hybridrediff.testcases.Hybrid_SignInLinkTest" name="clickOnSignInButton" time="4.149"/>
  <system-out/>
</testsuite> <!-- com.qa.hybridrediff.testcases.Hybrid_SignInLinkTest -->
